{"C:\\Users\\HP\\OneDrive\\Desktop\\Launch Pad\\backend\\src\\index.ts": {"path":"C:\\Users\\HP\\OneDrive\\Desktop\\Launch Pad\\backend\\src\\index.ts","statementMap":{"0":{"start":{"line":1,"column":0},"end":{"line":1,"column":23}},"1":{"start":{"line":2,"column":0},"end":{"line":2,"column":30}},"2":{"start":{"line":3,"column":0},"end":{"line":3,"column":24}},"3":{"start":{"line":4,"column":0},"end":{"line":4,"column":28}},"4":{"start":{"line":5,"column":0},"end":{"line":5,"column":28}},"5":{"start":{"line":6,"column":0},"end":{"line":6,"column":43}},"6":{"start":{"line":7,"column":0},"end":{"line":7,"column":36}},"7":{"start":{"line":8,"column":0},"end":{"line":8,"column":37}},"8":{"start":{"line":10,"column":0},"end":{"line":10,"column":41}},"9":{"start":{"line":11,"column":0},"end":{"line":11,"column":48}},"10":{"start":{"line":12,"column":0},"end":{"line":12,"column":48}},"11":{"start":{"line":13,"column":0},"end":{"line":13,"column":54}},"12":{"start":{"line":14,"column":0},"end":{"line":14,"column":48}},"13":{"start":{"line":15,"column":0},"end":{"line":15,"column":44}},"14":{"start":{"line":16,"column":0},"end":{"line":16,"column":48}},"15":{"start":{"line":17,"column":0},"end":{"line":17,"column":46}},"16":{"start":{"line":18,"column":0},"end":{"line":18,"column":63}},"17":{"start":{"line":19,"column":0},"end":{"line":19,"column":60}},"18":{"start":{"line":20,"column":0},"end":{"line":20,"column":56}},"19":{"start":{"line":22,"column":12},"end":{"line":22,"column":21}},"20":{"start":{"line":156,"column":9},"end":{"line":156,"column":12}},"21":{"start":{"line":23,"column":19},"end":{"line":23,"column":36}},"22":{"start":{"line":156,"column":14},"end":{"line":156,"column":24}},"23":{"start":{"line":24,"column":13},"end":{"line":24,"column":49}},"24":{"start":{"line":27,"column":12},"end":{"line":27,"column":68}},"25":{"start":{"line":156,"column":26},"end":{"line":156,"column":29}},"26":{"start":{"line":28,"column":0},"end":{"line":28,"column":20}},"27":{"start":{"line":31,"column":0},"end":{"line":39,"column":4}},"28":{"start":{"line":41,"column":0},"end":{"line":46,"column":4}},"29":{"start":{"line":48,"column":0},"end":{"line":48,"column":23}},"30":{"start":{"line":49,"column":0},"end":{"line":49,"column":41}},"31":{"start":{"line":50,"column":0},"end":{"line":50,"column":48}},"32":{"start":{"line":53,"column":23},"end":{"line":59,"column":2}},"33":{"start":{"line":61,"column":20},"end":{"line":65,"column":2}},"34":{"start":{"line":67,"column":22},"end":{"line":71,"column":2}},"35":{"start":{"line":73,"column":0},"end":{"line":73,"column":33}},"36":{"start":{"line":74,"column":0},"end":{"line":74,"column":34}},"37":{"start":{"line":75,"column":0},"end":{"line":75,"column":38}},"38":{"start":{"line":76,"column":0},"end":{"line":76,"column":46}},"39":{"start":{"line":79,"column":0},"end":{"line":91,"column":3}},"40":{"start":{"line":80,"column":2},"end":{"line":90,"column":3}},"41":{"start":{"line":81,"column":4},"end":{"line":81,"column":37}},"42":{"start":{"line":82,"column":4},"end":{"line":87,"column":7}},"43":{"start":{"line":89,"column":4},"end":{"line":89,"column":87}},"44":{"start":{"line":94,"column":0},"end":{"line":94,"column":28}},"45":{"start":{"line":95,"column":0},"end":{"line":95,"column":33}},"46":{"start":{"line":96,"column":0},"end":{"line":96,"column":29}},"47":{"start":{"line":97,"column":0},"end":{"line":97,"column":41}},"48":{"start":{"line":98,"column":0},"end":{"line":98,"column":41}},"49":{"start":{"line":99,"column":0},"end":{"line":99,"column":37}},"50":{"start":{"line":100,"column":0},"end":{"line":100,"column":31}},"51":{"start":{"line":101,"column":0},"end":{"line":101,"column":35}},"52":{"start":{"line":104,"column":0},"end":{"line":142,"column":3}},"53":{"start":{"line":105,"column":2},"end":{"line":105,"column":53}},"54":{"start":{"line":106,"column":2},"end":{"line":106,"column":45}},"55":{"start":{"line":107,"column":2},"end":{"line":107,"column":44}},"56":{"start":{"line":108,"column":2},"end":{"line":108,"column":74}},"57":{"start":{"line":110,"column":24},"end":{"line":110,"column":50}},"58":{"start":{"line":111,"column":2},"end":{"line":115,"column":3}},"59":{"start":{"line":112,"column":4},"end":{"line":112,"column":55}},"60":{"start":{"line":113,"column":4},"end":{"line":113,"column":14}},"61":{"start":{"line":114,"column":4},"end":{"line":114,"column":11}},"62":{"start":{"line":118,"column":21},"end":{"line":137,"column":3}},"63":{"start":{"line":119,"column":4},"end":{"line":136,"column":5}},"64":{"start":{"line":120,"column":24},"end":{"line":122,"column":8}},"65":{"start":{"line":123,"column":20},"end":{"line":123,"column":36}},"66":{"start":{"line":124,"column":25},"end":{"line":124,"column":101}},"67":{"start":{"line":124,"column":69},"end":{"line":124,"column":93}},"68":{"start":{"line":125,"column":22},"end":{"line":125,"column":96}},"69":{"start":{"line":125,"column":66},"end":{"line":125,"column":88}},"70":{"start":{"line":126,"column":22},"end":{"line":126,"column":38}},"71":{"start":{"line":127,"column":25},"end":{"line":131,"column":8}},"72":{"start":{"line":128,"column":64},"end":{"line":128,"column":89}},"73":{"start":{"line":129,"column":63},"end":{"line":129,"column":87}},"74":{"start":{"line":130,"column":64},"end":{"line":130,"column":89}},"75":{"start":{"line":133,"column":6},"end":{"line":133,"column":100}},"76":{"start":{"line":135,"column":6},"end":{"line":135,"column":54}},"77":{"start":{"line":139,"column":2},"end":{"line":139,"column":15}},"78":{"start":{"line":140,"column":19},"end":{"line":140,"column":48}},"79":{"start":{"line":141,"column":2},"end":{"line":141,"column":49}},"80":{"start":{"line":141,"column":24},"end":{"line":141,"column":47}},"81":{"start":{"line":145,"column":0},"end":{"line":145,"column":22}},"82":{"start":{"line":148,"column":0},"end":{"line":154,"column":1}},"83":{"start":{"line":149,"column":2},"end":{"line":153,"column":5}},"84":{"start":{"line":150,"column":4},"end":{"line":150,"column":74}},"85":{"start":{"line":151,"column":4},"end":{"line":151,"column":67}},"86":{"start":{"line":152,"column":4},"end":{"line":152,"column":64}}},"fnMap":{"0":{"name":"(anonymous_1)","decl":{"start":{"line":79,"column":19},"end":{"line":79,"column":24}},"loc":{"start":{"line":79,"column":39},"end":{"line":91,"column":1}}},"1":{"name":"(anonymous_2)","decl":{"start":{"line":104,"column":32},"end":{"line":104,"column":33}},"loc":{"start":{"line":104,"column":45},"end":{"line":142,"column":1}}},"2":{"name":"(anonymous_3)","decl":{"start":{"line":118,"column":21},"end":{"line":118,"column":26}},"loc":{"start":{"line":118,"column":32},"end":{"line":137,"column":3}}},"3":{"name":"(anonymous_4)","decl":{"start":{"line":124,"column":42},"end":{"line":124,"column":43}},"loc":{"start":{"line":124,"column":69},"end":{"line":124,"column":93}}},"4":{"name":"(anonymous_5)","decl":{"start":{"line":125,"column":39},"end":{"line":125,"column":40}},"loc":{"start":{"line":125,"column":66},"end":{"line":125,"column":88}}},"5":{"name":"(anonymous_6)","decl":{"start":{"line":128,"column":35},"end":{"line":128,"column":36}},"loc":{"start":{"line":128,"column":64},"end":{"line":128,"column":89}}},"6":{"name":"(anonymous_7)","decl":{"start":{"line":129,"column":34},"end":{"line":129,"column":35}},"loc":{"start":{"line":129,"column":63},"end":{"line":129,"column":87}}},"7":{"name":"(anonymous_8)","decl":{"start":{"line":130,"column":35},"end":{"line":130,"column":36}},"loc":{"start":{"line":130,"column":64},"end":{"line":130,"column":89}}},"8":{"name":"(anonymous_9)","decl":{"start":{"line":141,"column":18},"end":{"line":141,"column":21}},"loc":{"start":{"line":141,"column":24},"end":{"line":141,"column":47}}},"9":{"name":"(anonymous_10)","decl":{"start":{"line":149,"column":26},"end":{"line":149,"column":29}},"loc":{"start":{"line":149,"column":31},"end":{"line":153,"column":3}}}},"branchMap":{"0":{"loc":{"start":{"line":24,"column":22},"end":{"line":24,"column":48}},"type":"binary-expr","locations":[{"start":{"line":24,"column":22},"end":{"line":24,"column":38}},{"start":{"line":24,"column":42},"end":{"line":24,"column":48}}]},"1":{"loc":{"start":{"line":42,"column":86},"end":{"line":42,"column":115}},"type":"binary-expr","locations":[{"start":{"line":42,"column":86},"end":{"line":42,"column":109}},{"start":{"line":42,"column":113},"end":{"line":42,"column":115}}]},"2":{"loc":{"start":{"line":108,"column":47},"end":{"line":108,"column":72}},"type":"binary-expr","locations":[{"start":{"line":108,"column":47},"end":{"line":108,"column":65}},{"start":{"line":108,"column":69},"end":{"line":108,"column":72}}]},"3":{"loc":{"start":{"line":111,"column":2},"end":{"line":115,"column":3}},"type":"if","locations":[{"start":{"line":111,"column":2},"end":{"line":115,"column":3}}]},"4":{"loc":{"start":{"line":148,"column":0},"end":{"line":154,"column":1}},"type":"if","locations":[{"start":{"line":148,"column":0},"end":{"line":154,"column":1}}]}},"s":{"0":3,"1":3,"2":3,"3":3,"4":3,"5":3,"6":3,"7":3,"8":3,"9":3,"10":3,"11":3,"12":3,"13":3,"14":3,"15":3,"16":3,"17":3,"18":3,"19":3,"20":3,"21":3,"22":3,"23":3,"24":3,"25":3,"26":3,"27":3,"28":3,"29":3,"30":3,"31":3,"32":3,"33":3,"34":3,"35":3,"36":3,"37":3,"38":3,"39":3,"40":1,"41":1,"42":1,"43":0,"44":3,"45":3,"46":3,"47":3,"48":3,"49":3,"50":3,"51":3,"52":3,"53":0,"54":0,"55":0,"56":0,"57":0,"58":0,"59":0,"60":0,"61":0,"62":0,"63":0,"64":0,"65":0,"66":0,"67":0,"68":0,"69":0,"70":0,"71":0,"72":0,"73":0,"74":0,"75":0,"76":0,"77":0,"78":0,"79":0,"80":0,"81":3,"82":3,"83":0,"84":0,"85":0,"86":0},"f":{"0":1,"1":0,"2":0,"3":0,"4":0,"5":0,"6":0,"7":0,"8":0,"9":0},"b":{"0":[3,0],"1":[3,0],"2":[0,0],"3":[0],"4":[0]}}
,"C:\\Users\\HP\\OneDrive\\Desktop\\Launch Pad\\backend\\src\\lib\\prisma.ts": {"path":"C:\\Users\\HP\\OneDrive\\Desktop\\Launch Pad\\backend\\src\\lib\\prisma.ts","statementMap":{"0":{"start":{"line":1,"column":0},"end":{"line":1,"column":46}},"1":{"start":{"line":3,"column":24},"end":{"line":3,"column":73}},"2":{"start":{"line":5,"column":13},"end":{"line":9,"column":5}},"3":{"start":{"line":11,"column":0},"end":{"line":11,"column":75}},"4":{"start":{"line":11,"column":43},"end":{"line":11,"column":75}}},"fnMap":{},"branchMap":{"0":{"loc":{"start":{"line":6,"column":2},"end":{"line":9,"column":4}},"type":"binary-expr","locations":[{"start":{"line":6,"column":2},"end":{"line":6,"column":24}},{"start":{"line":7,"column":2},"end":{"line":9,"column":4}}]},"1":{"loc":{"start":{"line":8,"column":9},"end":{"line":8,"column":88}},"type":"cond-expr","locations":[{"start":{"line":8,"column":50},"end":{"line":8,"column":76}},{"start":{"line":8,"column":79},"end":{"line":8,"column":88}}]},"2":{"loc":{"start":{"line":11,"column":0},"end":{"line":11,"column":75}},"type":"if","locations":[{"start":{"line":11,"column":0},"end":{"line":11,"column":75}}]}},"s":{"0":3,"1":3,"2":3,"3":3,"4":3},"f":{},"b":{"0":[3,3],"1":[0,3],"2":[3]}}
,"C:\\Users\\HP\\OneDrive\\Desktop\\Launch Pad\\backend\\src\\middleware\\auth.ts": {"path":"C:\\Users\\HP\\OneDrive\\Desktop\\Launch Pad\\backend\\src\\middleware\\auth.ts","statementMap":{"0":{"start":{"line":2,"column":0},"end":{"line":2,"column":31}},"1":{"start":{"line":3,"column":0},"end":{"line":3,"column":32}},"2":{"start":{"line":4,"column":0},"end":{"line":4,"column":42}},"3":{"start":{"line":6,"column":19},"end":{"line":6,"column":65}},"4":{"start":{"line":17,"column":37},"end":{"line":30,"column":1}},"5":{"start":{"line":23,"column":2},"end":{"line":23,"column":51}},"6":{"start":{"line":23,"column":39},"end":{"line":23,"column":51}},"7":{"start":{"line":24,"column":2},"end":{"line":29,"column":3}},"8":{"start":{"line":25,"column":22},"end":{"line":25,"column":62}},"9":{"start":{"line":26,"column":4},"end":{"line":26,"column":69}},"10":{"start":{"line":28,"column":4},"end":{"line":28,"column":17}},"11":{"start":{"line":17,"column":13},"end":{"line":17,"column":37}},"12":{"start":{"line":33,"column":27},"end":{"line":50,"column":1}},"13":{"start":{"line":34,"column":16},"end":{"line":34,"column":65}},"14":{"start":{"line":35,"column":2},"end":{"line":37,"column":3}},"15":{"start":{"line":36,"column":4},"end":{"line":36,"column":70}},"16":{"start":{"line":39,"column":2},"end":{"line":49,"column":3}},"17":{"start":{"line":40,"column":20},"end":{"line":40,"column":56}},"18":{"start":{"line":41,"column":4},"end":{"line":45,"column":6}},"19":{"start":{"line":46,"column":4},"end":{"line":46,"column":11}},"20":{"start":{"line":48,"column":4},"end":{"line":48,"column":64}},"21":{"start":{"line":33,"column":13},"end":{"line":33,"column":27}},"22":{"start":{"line":53,"column":28},"end":{"line":64,"column":1}},"23":{"start":{"line":54,"column":16},"end":{"line":54,"column":65}},"24":{"start":{"line":55,"column":2},"end":{"line":62,"column":3}},"25":{"start":{"line":56,"column":4},"end":{"line":61,"column":5}},"26":{"start":{"line":57,"column":22},"end":{"line":57,"column":58}},"27":{"start":{"line":58,"column":6},"end":{"line":58,"column":78}},"28":{"start":{"line":63,"column":2},"end":{"line":63,"column":9}},"29":{"start":{"line":53,"column":13},"end":{"line":53,"column":28}},"30":{"start":{"line":67,"column":33},"end":{"line":81,"column":1}},"31":{"start":{"line":68,"column":2},"end":{"line":70,"column":3}},"32":{"start":{"line":69,"column":4},"end":{"line":69,"column":70}},"33":{"start":{"line":72,"column":16},"end":{"line":74,"column":4}},"34":{"start":{"line":76,"column":2},"end":{"line":78,"column":3}},"35":{"start":{"line":77,"column":4},"end":{"line":77,"column":74}},"36":{"start":{"line":80,"column":2},"end":{"line":80,"column":9}},"37":{"start":{"line":67,"column":13},"end":{"line":67,"column":33}},"38":{"start":{"line":84,"column":29},"end":{"line":90,"column":1}},"39":{"start":{"line":85,"column":2},"end":{"line":89,"column":4}},"40":{"start":{"line":84,"column":13},"end":{"line":84,"column":29}}},"fnMap":{"0":{"name":"(anonymous_1)","decl":{"start":{"line":17,"column":37},"end":{"line":17,"column":null}},"loc":{"start":{"line":21,"column":13},"end":{"line":30,"column":1}}},"1":{"name":"(anonymous_2)","decl":{"start":{"line":33,"column":27},"end":{"line":33,"column":28}},"loc":{"start":{"line":33,"column":83},"end":{"line":50,"column":1}}},"2":{"name":"(anonymous_3)","decl":{"start":{"line":53,"column":28},"end":{"line":53,"column":29}},"loc":{"start":{"line":53,"column":85},"end":{"line":64,"column":1}}},"3":{"name":"(anonymous_4)","decl":{"start":{"line":67,"column":33},"end":{"line":67,"column":38}},"loc":{"start":{"line":67,"column":95},"end":{"line":81,"column":1}}},"4":{"name":"(anonymous_5)","decl":{"start":{"line":84,"column":29},"end":{"line":84,"column":30}},"loc":{"start":{"line":84,"column":96},"end":{"line":90,"column":1}}}},"branchMap":{"0":{"loc":{"start":{"line":6,"column":19},"end":{"line":6,"column":65}},"type":"binary-expr","locations":[{"start":{"line":6,"column":19},"end":{"line":6,"column":41}},{"start":{"line":6,"column":45},"end":{"line":6,"column":65}}]},"1":{"loc":{"start":{"line":23,"column":2},"end":{"line":23,"column":51}},"type":"if","locations":[{"start":{"line":23,"column":2},"end":{"line":23,"column":51}}]},"2":{"loc":{"start":{"line":35,"column":2},"end":{"line":37,"column":3}},"type":"if","locations":[{"start":{"line":35,"column":2},"end":{"line":37,"column":3}}]},"3":{"loc":{"start":{"line":55,"column":2},"end":{"line":62,"column":3}},"type":"if","locations":[{"start":{"line":55,"column":2},"end":{"line":62,"column":3}}]},"4":{"loc":{"start":{"line":68,"column":2},"end":{"line":70,"column":3}},"type":"if","locations":[{"start":{"line":68,"column":2},"end":{"line":70,"column":3}}]},"5":{"loc":{"start":{"line":76,"column":2},"end":{"line":78,"column":3}},"type":"if","locations":[{"start":{"line":76,"column":2},"end":{"line":78,"column":3}}]},"6":{"loc":{"start":{"line":76,"column":6},"end":{"line":76,"column":29}},"type":"binary-expr","locations":[{"start":{"line":76,"column":6},"end":{"line":76,"column":12}},{"start":{"line":76,"column":16},"end":{"line":76,"column":29}}]}},"s":{"0":3,"1":3,"2":3,"3":3,"4":3,"5":7,"6":7,"7":0,"8":0,"9":0,"10":0,"11":3,"12":3,"13":41,"14":41,"15":7,"16":34,"17":34,"18":34,"19":34,"20":0,"21":3,"22":3,"23":0,"24":0,"25":0,"26":0,"27":0,"28":0,"29":3,"30":3,"31":0,"32":0,"33":0,"34":0,"35":0,"36":0,"37":3,"38":3,"39":5,"40":3},"f":{"0":7,"1":41,"2":0,"3":0,"4":5},"b":{"0":[3,0],"1":[7],"2":[7],"3":[0],"4":[0],"5":[0],"6":[0,0]}}
,"C:\\Users\\HP\\OneDrive\\Desktop\\Launch Pad\\backend\\src\\middleware\\dpop.ts": {"path":"C:\\Users\\HP\\OneDrive\\Desktop\\Launch Pad\\backend\\src\\middleware\\dpop.ts","statementMap":{"0":{"start":{"line":22,"column":28},"end":{"line":120,"column":1}},"1":{"start":{"line":23,"column":21},"end":{"line":23,"column":50}},"2":{"start":{"line":24,"column":21},"end":{"line":24,"column":49}},"3":{"start":{"line":27,"column":2},"end":{"line":29,"column":3}},"4":{"start":{"line":28,"column":4},"end":{"line":28,"column":18}},"5":{"start":{"line":31,"column":2},"end":{"line":33,"column":3}},"6":{"start":{"line":32,"column":4},"end":{"line":32,"column":78}},"7":{"start":{"line":35,"column":22},"end":{"line":35,"column":55}},"8":{"start":{"line":37,"column":2},"end":{"line":119,"column":3}},"9":{"start":{"line":39,"column":24},"end":{"line":39,"column":73}},"10":{"start":{"line":40,"column":4},"end":{"line":42,"column":5}},"11":{"start":{"line":41,"column":6},"end":{"line":41,"column":74}},"12":{"start":{"line":44,"column":37},"end":{"line":44,"column":48}},"13":{"start":{"line":47,"column":4},"end":{"line":53,"column":5}},"14":{"start":{"line":48,"column":6},"end":{"line":52,"column":9}},"15":{"start":{"line":56,"column":23},"end":{"line":56,"column":72}},"16":{"start":{"line":57,"column":4},"end":{"line":63,"column":5}},"17":{"start":{"line":58,"column":6},"end":{"line":62,"column":9}},"18":{"start":{"line":66,"column":22},"end":{"line":66,"column":82}},"19":{"start":{"line":67,"column":4},"end":{"line":71,"column":5}},"20":{"start":{"line":68,"column":6},"end":{"line":70,"column":9}},"21":{"start":{"line":74,"column":16},"end":{"line":74,"column":45}},"22":{"start":{"line":75,"column":4},"end":{"line":77,"column":5}},"23":{"start":{"line":76,"column":6},"end":{"line":76,"column":67}},"24":{"start":{"line":80,"column":19},"end":{"line":80,"column":48}},"25":{"start":{"line":84,"column":20},"end":{"line":87,"column":6}},"26":{"start":{"line":89,"column":4},"end":{"line":91,"column":5}},"27":{"start":{"line":90,"column":6},"end":{"line":90,"column":86}},"28":{"start":{"line":93,"column":4},"end":{"line":95,"column":5}},"29":{"start":{"line":94,"column":6},"end":{"line":94,"column":64}},"30":{"start":{"line":98,"column":20},"end":{"line":98,"column":43}},"31":{"start":{"line":99,"column":4},"end":{"line":110,"column":5}},"32":{"start":{"line":100,"column":21},"end":{"line":102,"column":8}},"33":{"start":{"line":103,"column":26},"end":{"line":103,"column":81}},"34":{"start":{"line":105,"column":6},"end":{"line":109,"column":7}},"35":{"start":{"line":106,"column":8},"end":{"line":108,"column":11}},"36":{"start":{"line":112,"column":5},"end":{"line":112,"column":45}},"37":{"start":{"line":113,"column":5},"end":{"line":113,"column":35}},"38":{"start":{"line":115,"column":4},"end":{"line":115,"column":11}},"39":{"start":{"line":117,"column":4},"end":{"line":117,"column":57}},"40":{"start":{"line":118,"column":4},"end":{"line":118,"column":62}},"41":{"start":{"line":123,"column":27},"end":{"line":134,"column":1}},"42":{"start":{"line":124,"column":21},"end":{"line":124,"column":50}},"43":{"start":{"line":126,"column":2},"end":{"line":131,"column":3}},"44":{"start":{"line":127,"column":4},"end":{"line":130,"column":7}},"45":{"start":{"line":133,"column":2},"end":{"line":133,"column":38}}},"fnMap":{"0":{"name":"(anonymous_0)","decl":{"start":{"line":22,"column":28},"end":{"line":22,"column":33}},"loc":{"start":{"line":22,"column":86},"end":{"line":120,"column":1}}},"1":{"name":"(anonymous_1)","decl":{"start":{"line":123,"column":27},"end":{"line":123,"column":32}},"loc":{"start":{"line":123,"column":85},"end":{"line":134,"column":1}}}},"branchMap":{"0":{"loc":{"start":{"line":27,"column":2},"end":{"line":29,"column":3}},"type":"if","locations":[{"start":{"line":27,"column":2},"end":{"line":29,"column":3}}]},"1":{"loc":{"start":{"line":31,"column":2},"end":{"line":33,"column":3}},"type":"if","locations":[{"start":{"line":31,"column":2},"end":{"line":33,"column":3}}]},"2":{"loc":{"start":{"line":40,"column":4},"end":{"line":42,"column":5}},"type":"if","locations":[{"start":{"line":40,"column":4},"end":{"line":42,"column":5}}]},"3":{"loc":{"start":{"line":47,"column":4},"end":{"line":53,"column":5}},"type":"if","locations":[{"start":{"line":47,"column":4},"end":{"line":53,"column":5}}]},"4":{"loc":{"start":{"line":57,"column":4},"end":{"line":63,"column":5}},"type":"if","locations":[{"start":{"line":57,"column":4},"end":{"line":63,"column":5}}]},"5":{"loc":{"start":{"line":67,"column":4},"end":{"line":71,"column":5}},"type":"if","locations":[{"start":{"line":67,"column":4},"end":{"line":71,"column":5}}]},"6":{"loc":{"start":{"line":75,"column":4},"end":{"line":77,"column":5}},"type":"if","locations":[{"start":{"line":75,"column":4},"end":{"line":77,"column":5}}]},"7":{"loc":{"start":{"line":89,"column":4},"end":{"line":91,"column":5}},"type":"if","locations":[{"start":{"line":89,"column":4},"end":{"line":91,"column":5}}]},"8":{"loc":{"start":{"line":93,"column":4},"end":{"line":95,"column":5}},"type":"if","locations":[{"start":{"line":93,"column":4},"end":{"line":95,"column":5}}]},"9":{"loc":{"start":{"line":99,"column":4},"end":{"line":110,"column":5}},"type":"if","locations":[{"start":{"line":99,"column":4},"end":{"line":110,"column":5}}]},"10":{"loc":{"start":{"line":105,"column":6},"end":{"line":109,"column":7}},"type":"if","locations":[{"start":{"line":105,"column":6},"end":{"line":109,"column":7}}]},"11":{"loc":{"start":{"line":126,"column":2},"end":{"line":131,"column":3}},"type":"if","locations":[{"start":{"line":126,"column":2},"end":{"line":131,"column":3}}]}},"s":{"0":0,"1":0,"2":0,"3":0,"4":0,"5":0,"6":0,"7":0,"8":0,"9":0,"10":0,"11":0,"12":0,"13":0,"14":0,"15":0,"16":0,"17":0,"18":0,"19":0,"20":0,"21":0,"22":0,"23":0,"24":0,"25":0,"26":0,"27":0,"28":0,"29":0,"30":0,"31":0,"32":0,"33":0,"34":0,"35":0,"36":0,"37":0,"38":0,"39":0,"40":0,"41":0,"42":0,"43":0,"44":0,"45":0},"f":{"0":0,"1":0},"b":{"0":[0],"1":[0],"2":[0],"3":[0],"4":[0],"5":[0],"6":[0],"7":[0],"8":[0],"9":[0],"10":[0],"11":[0]}}
,"C:\\Users\\HP\\OneDrive\\Desktop\\Launch Pad\\backend\\src\\middleware\\errorHandler.ts": {"path":"C:\\Users\\HP\\OneDrive\\Desktop\\Launch Pad\\backend\\src\\middleware\\errorHandler.ts","statementMap":{"0":{"start":{"line":8,"column":28},"end":{"line":35,"column":1}},"1":{"start":{"line":14,"column":2},"end":{"line":14,"column":39}},"2":{"start":{"line":16,"column":21},"end":{"line":16,"column":42}},"3":{"start":{"line":17,"column":18},"end":{"line":19,"column":17}},"4":{"start":{"line":22,"column":2},"end":{"line":24,"column":3}},"5":{"start":{"line":23,"column":4},"end":{"line":23,"column":70}},"6":{"start":{"line":27,"column":2},"end":{"line":29,"column":3}},"7":{"start":{"line":28,"column":4},"end":{"line":28,"column":65}},"8":{"start":{"line":31,"column":2},"end":{"line":34,"column":5}},"9":{"start":{"line":8,"column":13},"end":{"line":8,"column":28}},"10":{"start":{"line":37,"column":28},"end":{"line":40,"column":3}},"11":{"start":{"line":38,"column":2},"end":{"line":40,"column":3}},"12":{"start":{"line":39,"column":4},"end":{"line":39,"column":52}},"13":{"start":{"line":37,"column":13},"end":{"line":37,"column":28}}},"fnMap":{"0":{"name":"(anonymous_0)","decl":{"start":{"line":8,"column":28},"end":{"line":8,"column":null}},"loc":{"start":{"line":13,"column":4},"end":{"line":35,"column":1}}},"1":{"name":"(anonymous_1)","decl":{"start":{"line":37,"column":28},"end":{"line":37,"column":29}},"loc":{"start":{"line":38,"column":2},"end":{"line":40,"column":3}}},"2":{"name":"(anonymous_2)","decl":{"start":{"line":38,"column":2},"end":{"line":38,"column":3}},"loc":{"start":{"line":38,"column":54},"end":{"line":40,"column":3}}}},"branchMap":{"0":{"loc":{"start":{"line":16,"column":21},"end":{"line":16,"column":42}},"type":"binary-expr","locations":[{"start":{"line":16,"column":21},"end":{"line":16,"column":35}},{"start":{"line":16,"column":39},"end":{"line":16,"column":42}}]},"1":{"loc":{"start":{"line":17,"column":18},"end":{"line":19,"column":17}},"type":"cond-expr","locations":[{"start":{"line":18,"column":6},"end":{"line":18,"column":29}},{"start":{"line":19,"column":6},"end":{"line":19,"column":17}}]},"2":{"loc":{"start":{"line":22,"column":2},"end":{"line":24,"column":3}},"type":"if","locations":[{"start":{"line":22,"column":2},"end":{"line":24,"column":3}}]},"3":{"loc":{"start":{"line":27,"column":2},"end":{"line":29,"column":3}},"type":"if","locations":[{"start":{"line":27,"column":2},"end":{"line":29,"column":3}}]},"4":{"loc":{"start":{"line":33,"column":8},"end":{"line":33,"column":69}},"type":"binary-expr","locations":[{"start":{"line":33,"column":8},"end":{"line":33,"column":45}},{"start":{"line":33,"column":49},"end":{"line":33,"column":69}}]}},"s":{"0":3,"1":0,"2":0,"3":0,"4":0,"5":0,"6":0,"7":0,"8":0,"9":3,"10":3,"11":159,"12":50,"13":3},"f":{"0":0,"1":159,"2":50},"b":{"0":[0,0],"1":[0,0],"2":[0],"3":[0],"4":[0,0]}}
,"C:\\Users\\HP\\OneDrive\\Desktop\\Launch Pad\\backend\\src\\middleware\\killSwitch.ts": {"path":"C:\\Users\\HP\\OneDrive\\Desktop\\Launch Pad\\backend\\src\\middleware\\killSwitch.ts","statementMap":{"0":{"start":{"line":2,"column":0},"end":{"line":2,"column":42}},"1":{"start":{"line":10,"column":26},"end":{"line":39,"column":1}},"2":{"start":{"line":11,"column":15},"end":{"line":11,"column":23}},"3":{"start":{"line":15,"column":2},"end":{"line":22,"column":3}},"4":{"start":{"line":21,"column":4},"end":{"line":21,"column":18}},"5":{"start":{"line":24,"column":2},"end":{"line":38,"column":3}},"6":{"start":{"line":25,"column":15},"end":{"line":27,"column":6}},"7":{"start":{"line":28,"column":4},"end":{"line":33,"column":5}},"8":{"start":{"line":29,"column":6},"end":{"line":32,"column":9}},"9":{"start":{"line":34,"column":4},"end":{"line":34,"column":11}},"10":{"start":{"line":36,"column":4},"end":{"line":36,"column":55}},"11":{"start":{"line":37,"column":4},"end":{"line":37,"column":11}},"12":{"start":{"line":10,"column":13},"end":{"line":10,"column":26}}},"fnMap":{"0":{"name":"(anonymous_0)","decl":{"start":{"line":10,"column":26},"end":{"line":10,"column":31}},"loc":{"start":{"line":10,"column":84},"end":{"line":39,"column":1}}}},"branchMap":{"0":{"loc":{"start":{"line":15,"column":2},"end":{"line":22,"column":3}},"type":"if","locations":[{"start":{"line":15,"column":2},"end":{"line":22,"column":3}}]},"1":{"loc":{"start":{"line":16,"column":4},"end":{"line":19,"column":22}},"type":"binary-expr","locations":[{"start":{"line":16,"column":4},"end":{"line":16,"column":28}},{"start":{"line":17,"column":4},"end":{"line":17,"column":29}},{"start":{"line":18,"column":4},"end":{"line":18,"column":40}},{"start":{"line":19,"column":4},"end":{"line":19,"column":22}}]},"2":{"loc":{"start":{"line":28,"column":4},"end":{"line":33,"column":5}},"type":"if","locations":[{"start":{"line":28,"column":4},"end":{"line":33,"column":5}}]}},"s":{"0":3,"1":3,"2":57,"3":57,"4":0,"5":57,"6":57,"7":57,"8":0,"9":57,"10":0,"11":0,"12":3},"f":{"0":57},"b":{"0":[0],"1":[57,57,57,57],"2":[0]}}
,"C:\\Users\\HP\\OneDrive\\Desktop\\Launch Pad\\backend\\src\\middleware\\verifyDPoP.ts": {"path":"C:\\Users\\HP\\OneDrive\\Desktop\\Launch Pad\\backend\\src\\middleware\\verifyDPoP.ts","statementMap":{"0":{"start":{"line":2,"column":0},"end":{"line":2,"column":29}},"1":{"start":{"line":3,"column":0},"end":{"line":3,"column":36}},"2":{"start":{"line":4,"column":0},"end":{"line":4,"column":42}},"3":{"start":{"line":8,"column":20},"end":{"line":8,"column":86}},"4":{"start":{"line":9,"column":2},"end":{"line":9,"column":68}},"5":{"start":{"line":18,"column":26},"end":{"line":88,"column":1}},"6":{"start":{"line":20,"column":2},"end":{"line":22,"column":3}},"7":{"start":{"line":21,"column":4},"end":{"line":21,"column":18}},"8":{"start":{"line":24,"column":21},"end":{"line":24,"column":40}},"9":{"start":{"line":25,"column":2},"end":{"line":27,"column":3}},"10":{"start":{"line":26,"column":4},"end":{"line":26,"column":66}},"11":{"start":{"line":29,"column":16},"end":{"line":29,"column":65}},"12":{"start":{"line":30,"column":2},"end":{"line":32,"column":3}},"13":{"start":{"line":31,"column":4},"end":{"line":31,"column":76}},"14":{"start":{"line":34,"column":2},"end":{"line":87,"column":3}},"15":{"start":{"line":36,"column":20},"end":{"line":38,"column":6}},"16":{"start":{"line":40,"column":4},"end":{"line":42,"column":5}},"17":{"start":{"line":41,"column":6},"end":{"line":41,"column":82}},"18":{"start":{"line":45,"column":28},"end":{"line":45,"column":66}},"19":{"start":{"line":46,"column":16},"end":{"line":46,"column":35}},"20":{"start":{"line":47,"column":4},"end":{"line":49,"column":5}},"21":{"start":{"line":48,"column":6},"end":{"line":48,"column":81}},"22":{"start":{"line":52,"column":26},"end":{"line":52,"column":51}},"23":{"start":{"line":53,"column":4},"end":{"line":55,"column":5}},"24":{"start":{"line":54,"column":6},"end":{"line":54,"column":97}},"25":{"start":{"line":58,"column":22},"end":{"line":58,"column":79}},"26":{"start":{"line":59,"column":24},"end":{"line":61,"column":6}},"27":{"start":{"line":64,"column":24},"end":{"line":64,"column":34}},"28":{"start":{"line":65,"column":28},"end":{"line":65,"column":57}},"29":{"start":{"line":66,"column":24},"end":{"line":66,"column":59}},"30":{"start":{"line":67,"column":21},"end":{"line":67,"column":43}},"31":{"start":{"line":68,"column":24},"end":{"line":68,"column":72}},"32":{"start":{"line":70,"column":4},"end":{"line":72,"column":5}},"33":{"start":{"line":71,"column":6},"end":{"line":71,"column":72}},"34":{"start":{"line":74,"column":23},"end":{"line":74,"column":44}},"35":{"start":{"line":75,"column":4},"end":{"line":77,"column":5}},"36":{"start":{"line":76,"column":6},"end":{"line":76,"column":72}},"37":{"start":{"line":79,"column":4},"end":{"line":81,"column":5}},"38":{"start":{"line":80,"column":6},"end":{"line":80,"column":73}},"39":{"start":{"line":83,"column":4},"end":{"line":83,"column":11}},"40":{"start":{"line":85,"column":4},"end":{"line":85,"column":49}},"41":{"start":{"line":86,"column":4},"end":{"line":86,"column":87}},"42":{"start":{"line":18,"column":13},"end":{"line":18,"column":26}}},"fnMap":{"0":{"name":"computeJwkThumbprint","decl":{"start":{"line":6,"column":9},"end":{"line":6,"column":29}},"loc":{"start":{"line":6,"column":38},"end":{"line":10,"column":1}}},"1":{"name":"(anonymous_10)","decl":{"start":{"line":18,"column":26},"end":{"line":18,"column":31}},"loc":{"start":{"line":18,"column":84},"end":{"line":88,"column":1}}}},"branchMap":{"0":{"loc":{"start":{"line":20,"column":2},"end":{"line":22,"column":3}},"type":"if","locations":[{"start":{"line":20,"column":2},"end":{"line":22,"column":3}}]},"1":{"loc":{"start":{"line":20,"column":6},"end":{"line":20,"column":59}},"type":"binary-expr","locations":[{"start":{"line":20,"column":6},"end":{"line":20,"column":30}},{"start":{"line":20,"column":34},"end":{"line":20,"column":59}}]},"2":{"loc":{"start":{"line":25,"column":2},"end":{"line":27,"column":3}},"type":"if","locations":[{"start":{"line":25,"column":2},"end":{"line":27,"column":3}}]},"3":{"loc":{"start":{"line":25,"column":6},"end":{"line":25,"column":51}},"type":"binary-expr","locations":[{"start":{"line":25,"column":6},"end":{"line":25,"column":17}},{"start":{"line":25,"column":21},"end":{"line":25,"column":51}}]},"4":{"loc":{"start":{"line":30,"column":2},"end":{"line":32,"column":3}},"type":"if","locations":[{"start":{"line":30,"column":2},"end":{"line":32,"column":3}}]},"5":{"loc":{"start":{"line":40,"column":4},"end":{"line":42,"column":5}},"type":"if","locations":[{"start":{"line":40,"column":4},"end":{"line":42,"column":5}}]},"6":{"loc":{"start":{"line":47,"column":4},"end":{"line":49,"column":5}},"type":"if","locations":[{"start":{"line":47,"column":4},"end":{"line":49,"column":5}}]},"7":{"loc":{"start":{"line":53,"column":4},"end":{"line":55,"column":5}},"type":"if","locations":[{"start":{"line":53,"column":4},"end":{"line":55,"column":5}}]},"8":{"loc":{"start":{"line":58,"column":48},"end":{"line":58,"column":78}},"type":"binary-expr","locations":[{"start":{"line":58,"column":48},"end":{"line":58,"column":67}},{"start":{"line":58,"column":71},"end":{"line":58,"column":78}}]},"9":{"loc":{"start":{"line":60,"column":19},"end":{"line":60,"column":49}},"type":"binary-expr","locations":[{"start":{"line":60,"column":19},"end":{"line":60,"column":38}},{"start":{"line":60,"column":42},"end":{"line":60,"column":49}}]},"10":{"loc":{"start":{"line":66,"column":24},"end":{"line":66,"column":59}},"type":"binary-expr","locations":[{"start":{"line":66,"column":24},"end":{"line":66,"column":39}},{"start":{"line":66,"column":43},"end":{"line":66,"column":59}}]},"11":{"loc":{"start":{"line":67,"column":21},"end":{"line":67,"column":43}},"type":"binary-expr","locations":[{"start":{"line":67,"column":21},"end":{"line":67,"column":33}},{"start":{"line":67,"column":37},"end":{"line":67,"column":43}}]},"12":{"loc":{"start":{"line":70,"column":4},"end":{"line":72,"column":5}},"type":"if","locations":[{"start":{"line":70,"column":4},"end":{"line":72,"column":5}}]},"13":{"loc":{"start":{"line":75,"column":4},"end":{"line":77,"column":5}},"type":"if","locations":[{"start":{"line":75,"column":4},"end":{"line":77,"column":5}}]},"14":{"loc":{"start":{"line":75,"column":8},"end":{"line":75,"column":99}},"type":"binary-expr","locations":[{"start":{"line":75,"column":8},"end":{"line":75,"column":19}},{"start":{"line":75,"column":24},"end":{"line":75,"column":61}},{"start":{"line":75,"column":65},"end":{"line":75,"column":98}}]},"15":{"loc":{"start":{"line":79,"column":4},"end":{"line":81,"column":5}},"type":"if","locations":[{"start":{"line":79,"column":4},"end":{"line":81,"column":5}}]}},"s":{"0":3,"1":3,"2":3,"3":0,"4":0,"5":3,"6":0,"7":0,"8":0,"9":0,"10":0,"11":0,"12":0,"13":0,"14":0,"15":0,"16":0,"17":0,"18":0,"19":0,"20":0,"21":0,"22":0,"23":0,"24":0,"25":0,"26":0,"27":0,"28":0,"29":0,"30":0,"31":0,"32":0,"33":0,"34":0,"35":0,"36":0,"37":0,"38":0,"39":0,"40":0,"41":0,"42":3},"f":{"0":0,"1":0},"b":{"0":[0],"1":[0,0],"2":[0],"3":[0,0],"4":[0],"5":[0],"6":[0],"7":[0],"8":[0,0],"9":[0,0],"10":[0,0],"11":[0,0],"12":[0],"13":[0],"14":[0,0,0],"15":[0]}}
,"C:\\Users\\HP\\OneDrive\\Desktop\\Launch Pad\\backend\\src\\routes\\admin.ts": {"path":"C:\\Users\\HP\\OneDrive\\Desktop\\Launch Pad\\backend\\src\\routes\\admin.ts","statementMap":{"0":{"start":{"line":1,"column":0},"end":{"line":1,"column":43}},"1":{"start":{"line":3,"column":0},"end":{"line":3,"column":28}},"2":{"start":{"line":4,"column":0},"end":{"line":4,"column":42}},"3":{"start":{"line":5,"column":0},"end":{"line":5,"column":84}},"4":{"start":{"line":6,"column":0},"end":{"line":6,"column":61}},"5":{"start":{"line":8,"column":13},"end":{"line":8,"column":36}},"6":{"start":{"line":11,"column":0},"end":{"line":24,"column":4}},"7":{"start":{"line":12,"column":17},"end":{"line":21,"column":4}},"8":{"start":{"line":23,"column":2},"end":{"line":23,"column":45}},"9":{"start":{"line":27,"column":0},"end":{"line":38,"column":4}},"10":{"start":{"line":28,"column":28},"end":{"line":28,"column":36}},"11":{"start":{"line":30,"column":19},"end":{"line":30,"column":83}},"12":{"start":{"line":31,"column":2},"end":{"line":31,"column":79}},"13":{"start":{"line":31,"column":16},"end":{"line":31,"column":79}},"14":{"start":{"line":33,"column":16},"end":{"line":35,"column":4}},"15":{"start":{"line":37,"column":2},"end":{"line":37,"column":69}},"16":{"start":{"line":41,"column":0},"end":{"line":94,"column":4}},"17":{"start":{"line":42,"column":61},"end":{"line":42,"column":69}},"18":{"start":{"line":43,"column":21},"end":{"line":43,"column":58}},"19":{"start":{"line":45,"column":27},"end":{"line":49,"column":4}},"20":{"start":{"line":51,"column":2},"end":{"line":53,"column":3}},"21":{"start":{"line":52,"column":4},"end":{"line":52,"column":69}},"22":{"start":{"line":55,"column":16},"end":{"line":55,"column":54}},"23":{"start":{"line":56,"column":20},"end":{"line":56,"column":57}},"24":{"start":{"line":59,"column":16},"end":{"line":59,"column":92}},"25":{"start":{"line":60,"column":21},"end":{"line":64,"column":5}},"26":{"start":{"line":66,"column":20},"end":{"line":80,"column":4}},"27":{"start":{"line":82,"column":2},"end":{"line":93,"column":5}},"28":{"start":{"line":97,"column":0},"end":{"line":151,"column":4}},"29":{"start":{"line":98,"column":17},"end":{"line":98,"column":27}},"30":{"start":{"line":99,"column":38},"end":{"line":99,"column":46}},"31":{"start":{"line":100,"column":22},"end":{"line":100,"column":59}},"32":{"start":{"line":102,"column":20},"end":{"line":102,"column":79}},"33":{"start":{"line":103,"column":2},"end":{"line":103,"column":80}},"34":{"start":{"line":103,"column":18},"end":{"line":103,"column":80}},"35":{"start":{"line":104,"column":2},"end":{"line":104,"column":113}},"36":{"start":{"line":104,"column":38},"end":{"line":104,"column":113}},"37":{"start":{"line":105,"column":2},"end":{"line":108,"column":3}},"38":{"start":{"line":106,"column":4},"end":{"line":106,"column":89}},"39":{"start":{"line":107,"column":4},"end":{"line":107,"column":64}},"40":{"start":{"line":111,"column":23},"end":{"line":111,"column":55}},"41":{"start":{"line":112,"column":2},"end":{"line":114,"column":3}},"42":{"start":{"line":112,"column":36},"end":{"line":112,"column":65}},"43":{"start":{"line":113,"column":4},"end":{"line":113,"column":77}},"44":{"start":{"line":117,"column":16},"end":{"line":117,"column":93}},"45":{"start":{"line":118,"column":2},"end":{"line":120,"column":3}},"46":{"start":{"line":119,"column":4},"end":{"line":119,"column":100}},"47":{"start":{"line":122,"column":18},"end":{"line":127,"column":4}},"48":{"start":{"line":129,"column":27},"end":{"line":129,"column":54}},"49":{"start":{"line":130,"column":20},"end":{"line":130,"column":92}},"50":{"start":{"line":132,"column":18},"end":{"line":139,"column":4}},"51":{"start":{"line":141,"column":2},"end":{"line":150,"column":5}},"52":{"start":{"line":154,"column":0},"end":{"line":215,"column":4}},"53":{"start":{"line":155,"column":17},"end":{"line":155,"column":27}},"54":{"start":{"line":157,"column":20},"end":{"line":157,"column":79}},"55":{"start":{"line":158,"column":2},"end":{"line":158,"column":80}},"56":{"start":{"line":158,"column":18},"end":{"line":158,"column":80}},"57":{"start":{"line":159,"column":2},"end":{"line":165,"column":3}},"58":{"start":{"line":160,"column":4},"end":{"line":164,"column":7}},"59":{"start":{"line":166,"column":2},"end":{"line":168,"column":3}},"60":{"start":{"line":167,"column":4},"end":{"line":167,"column":64}},"61":{"start":{"line":171,"column":20},"end":{"line":171,"column":22}},"62":{"start":{"line":172,"column":18},"end":{"line":172,"column":72}},"63":{"start":{"line":174,"column":2},"end":{"line":203,"column":3}},"64":{"start":{"line":176,"column":6},"end":{"line":182,"column":7}},"65":{"start":{"line":177,"column":8},"end":{"line":180,"column":11}},"66":{"start":{"line":181,"column":8},"end":{"line":181,"column":72}},"67":{"start":{"line":183,"column":6},"end":{"line":183,"column":12}},"68":{"start":{"line":186,"column":6},"end":{"line":190,"column":8}},"69":{"start":{"line":191,"column":6},"end":{"line":191,"column":12}},"70":{"start":{"line":194,"column":6},"end":{"line":197,"column":9}},"71":{"start":{"line":198,"column":6},"end":{"line":198,"column":43}},"72":{"start":{"line":199,"column":6},"end":{"line":199,"column":12}},"73":{"start":{"line":202,"column":6},"end":{"line":202,"column":58}},"74":{"start":{"line":205,"column":2},"end":{"line":208,"column":5}},"75":{"start":{"line":210,"column":2},"end":{"line":214,"column":5}},"76":{"start":{"line":218,"column":0},"end":{"line":226,"column":4}},"77":{"start":{"line":219,"column":21},"end":{"line":223,"column":4}},"78":{"start":{"line":225,"column":2},"end":{"line":225,"column":27}},"79":{"start":{"line":229,"column":0},"end":{"line":259,"column":4}},"80":{"start":{"line":230,"column":21},"end":{"line":230,"column":29}},"81":{"start":{"line":231,"column":22},"end":{"line":231,"column":59}},"82":{"start":{"line":234,"column":21},"end":{"line":241,"column":4}},"83":{"start":{"line":244,"column":2},"end":{"line":247,"column":5}},"84":{"start":{"line":249,"column":2},"end":{"line":249,"column":80}},"85":{"start":{"line":251,"column":2},"end":{"line":258,"column":5}},"86":{"start":{"line":263,"column":0},"end":{"line":292,"column":4}},"87":{"start":{"line":264,"column":26},"end":{"line":264,"column":34}},"88":{"start":{"line":267,"column":20},"end":{"line":267,"column":92}},"89":{"start":{"line":268,"column":2},"end":{"line":270,"column":3}},"90":{"start":{"line":269,"column":4},"end":{"line":269,"column":94}},"91":{"start":{"line":271,"column":2},"end":{"line":276,"column":3}},"92":{"start":{"line":272,"column":4},"end":{"line":275,"column":7}},"93":{"start":{"line":278,"column":2},"end":{"line":281,"column":5}},"94":{"start":{"line":283,"column":2},"end":{"line":286,"column":5}},"95":{"start":{"line":288,"column":2},"end":{"line":291,"column":5}},"96":{"start":{"line":295,"column":0},"end":{"line":306,"column":4}},"97":{"start":{"line":296,"column":21},"end":{"line":298,"column":4}},"98":{"start":{"line":300,"column":2},"end":{"line":305,"column":5}},"99":{"start":{"line":309,"column":0},"end":{"line":320,"column":4}},"100":{"start":{"line":310,"column":2},"end":{"line":319,"column":5}},"101":{"start":{"line":323,"column":0},"end":{"line":355,"column":4}},"102":{"start":{"line":332,"column":6},"end":{"line":340,"column":4}},"103":{"start":{"line":342,"column":2},"end":{"line":354,"column":5}}},"fnMap":{"0":{"name":"(anonymous_1)","decl":{"start":{"line":11,"column":78},"end":{"line":11,"column":83}},"loc":{"start":{"line":11,"column":108},"end":{"line":24,"column":1}}},"1":{"name":"(anonymous_2)","decl":{"start":{"line":27,"column":79},"end":{"line":27,"column":84}},"loc":{"start":{"line":27,"column":121},"end":{"line":38,"column":1}}},"2":{"name":"(anonymous_3)","decl":{"start":{"line":41,"column":85},"end":{"line":41,"column":90}},"loc":{"start":{"line":41,"column":127},"end":{"line":94,"column":1}}},"3":{"name":"(anonymous_4)","decl":{"start":{"line":97,"column":89},"end":{"line":97,"column":94}},"loc":{"start":{"line":97,"column":131},"end":{"line":151,"column":1}}},"4":{"name":"(anonymous_5)","decl":{"start":{"line":112,"column":24},"end":{"line":112,"column":25}},"loc":{"start":{"line":112,"column":36},"end":{"line":112,"column":65}}},"5":{"name":"(anonymous_6)","decl":{"start":{"line":154,"column":89},"end":{"line":154,"column":94}},"loc":{"start":{"line":154,"column":131},"end":{"line":215,"column":1}}},"6":{"name":"(anonymous_7)","decl":{"start":{"line":218,"column":76},"end":{"line":218,"column":81}},"loc":{"start":{"line":218,"column":106},"end":{"line":226,"column":1}}},"7":{"name":"(anonymous_8)","decl":{"start":{"line":229,"column":87},"end":{"line":229,"column":92}},"loc":{"start":{"line":229,"column":129},"end":{"line":259,"column":1}}},"8":{"name":"(anonymous_9)","decl":{"start":{"line":263,"column":89},"end":{"line":263,"column":94}},"loc":{"start":{"line":263,"column":131},"end":{"line":292,"column":1}}},"9":{"name":"(anonymous_10)","decl":{"start":{"line":295,"column":52},"end":{"line":295,"column":57}},"loc":{"start":{"line":295,"column":82},"end":{"line":306,"column":1}}},"10":{"name":"(anonymous_11)","decl":{"start":{"line":309,"column":43},"end":{"line":309,"column":48}},"loc":{"start":{"line":309,"column":73},"end":{"line":320,"column":1}}},"11":{"name":"(anonymous_12)","decl":{"start":{"line":323,"column":75},"end":{"line":323,"column":80}},"loc":{"start":{"line":323,"column":105},"end":{"line":355,"column":1}}}},"branchMap":{"0":{"loc":{"start":{"line":31,"column":2},"end":{"line":31,"column":79}},"type":"if","locations":[{"start":{"line":31,"column":2},"end":{"line":31,"column":79}}]},"1":{"loc":{"start":{"line":51,"column":2},"end":{"line":53,"column":3}},"type":"if","locations":[{"start":{"line":51,"column":2},"end":{"line":53,"column":3}}]},"2":{"loc":{"start":{"line":62,"column":18},"end":{"line":62,"column":56}},"type":"binary-expr","locations":[{"start":{"line":62,"column":18},"end":{"line":62,"column":43}},{"start":{"line":62,"column":47},"end":{"line":62,"column":56}}]},"3":{"loc":{"start":{"line":70,"column":15},"end":{"line":70,"column":55}},"type":"cond-expr","locations":[{"start":{"line":70,"column":25},"end":{"line":70,"column":48}},{"start":{"line":70,"column":51},"end":{"line":70,"column":55}}]},"4":{"loc":{"start":{"line":74,"column":25},"end":{"line":74,"column":73}},"type":"cond-expr","locations":[{"start":{"line":74,"column":68},"end":{"line":74,"column":69}},{"start":{"line":74,"column":72},"end":{"line":74,"column":73}}]},"5":{"loc":{"start":{"line":103,"column":2},"end":{"line":103,"column":80}},"type":"if","locations":[{"start":{"line":103,"column":2},"end":{"line":103,"column":80}}]},"6":{"loc":{"start":{"line":104,"column":2},"end":{"line":104,"column":113}},"type":"if","locations":[{"start":{"line":104,"column":2},"end":{"line":104,"column":113}}]},"7":{"loc":{"start":{"line":105,"column":2},"end":{"line":108,"column":3}},"type":"if","locations":[{"start":{"line":105,"column":2},"end":{"line":108,"column":3}}]},"8":{"loc":{"start":{"line":112,"column":2},"end":{"line":114,"column":3}},"type":"if","locations":[{"start":{"line":112,"column":2},"end":{"line":114,"column":3}}]},"9":{"loc":{"start":{"line":118,"column":2},"end":{"line":120,"column":3}},"type":"if","locations":[{"start":{"line":118,"column":2},"end":{"line":120,"column":3}}]},"10":{"loc":{"start":{"line":118,"column":6},"end":{"line":118,"column":92}},"type":"binary-expr","locations":[{"start":{"line":118,"column":6},"end":{"line":118,"column":31}},{"start":{"line":118,"column":35},"end":{"line":118,"column":47}},{"start":{"line":118,"column":51},"end":{"line":118,"column":92}}]},"11":{"loc":{"start":{"line":124,"column":18},"end":{"line":124,"column":72}},"type":"binary-expr","locations":[{"start":{"line":124,"column":18},"end":{"line":124,"column":30}},{"start":{"line":124,"column":34},"end":{"line":124,"column":59}},{"start":{"line":124,"column":63},"end":{"line":124,"column":72}}]},"12":{"loc":{"start":{"line":130,"column":20},"end":{"line":130,"column":92}},"type":"cond-expr","locations":[{"start":{"line":130,"column":70},"end":{"line":130,"column":80}},{"start":{"line":130,"column":83},"end":{"line":130,"column":92}}]},"13":{"loc":{"start":{"line":158,"column":2},"end":{"line":158,"column":80}},"type":"if","locations":[{"start":{"line":158,"column":2},"end":{"line":158,"column":80}}]},"14":{"loc":{"start":{"line":159,"column":2},"end":{"line":165,"column":3}},"type":"if","locations":[{"start":{"line":159,"column":2},"end":{"line":165,"column":3}}]},"15":{"loc":{"start":{"line":166,"column":2},"end":{"line":168,"column":3}},"type":"if","locations":[{"start":{"line":166,"column":2},"end":{"line":168,"column":3}}]},"16":{"loc":{"start":{"line":172,"column":18},"end":{"line":172,"column":72}},"type":"cond-expr","locations":[{"start":{"line":172,"column":38},"end":{"line":172,"column":67}},{"start":{"line":172,"column":70},"end":{"line":172,"column":72}}]},"17":{"loc":{"start":{"line":174,"column":2},"end":{"line":203,"column":3}},"type":"switch","locations":[{"start":{"line":175,"column":4},"end":{"line":183,"column":12}},{"start":{"line":185,"column":4},"end":{"line":191,"column":12}},{"start":{"line":193,"column":4},"end":{"line":199,"column":12}},{"start":{"line":201,"column":4},"end":{"line":202,"column":58}}]},"18":{"loc":{"start":{"line":176,"column":6},"end":{"line":182,"column":7}},"type":"if","locations":[{"start":{"line":176,"column":6},"end":{"line":182,"column":7}}]},"19":{"loc":{"start":{"line":268,"column":2},"end":{"line":270,"column":3}},"type":"if","locations":[{"start":{"line":268,"column":2},"end":{"line":270,"column":3}}]},"20":{"loc":{"start":{"line":268,"column":6},"end":{"line":268,"column":72}},"type":"binary-expr","locations":[{"start":{"line":268,"column":6},"end":{"line":268,"column":16}},{"start":{"line":268,"column":20},"end":{"line":268,"column":72}}]},"21":{"loc":{"start":{"line":271,"column":2},"end":{"line":276,"column":3}},"type":"if","locations":[{"start":{"line":271,"column":2},"end":{"line":276,"column":3}}]},"22":{"loc":{"start":{"line":301,"column":12},"end":{"line":301,"column":39}},"type":"binary-expr","locations":[{"start":{"line":301,"column":12},"end":{"line":301,"column":30}},{"start":{"line":301,"column":34},"end":{"line":301,"column":39}}]},"23":{"loc":{"start":{"line":312,"column":19},"end":{"line":312,"column":62}},"type":"binary-expr","locations":[{"start":{"line":312,"column":19},"end":{"line":312,"column":56}},{"start":{"line":312,"column":60},"end":{"line":312,"column":62}}]},"24":{"loc":{"start":{"line":315,"column":19},"end":{"line":315,"column":55}},"type":"binary-expr","locations":[{"start":{"line":315,"column":19},"end":{"line":315,"column":49}},{"start":{"line":315,"column":53},"end":{"line":315,"column":55}}]},"25":{"loc":{"start":{"line":316,"column":25},"end":{"line":316,"column":67}},"type":"binary-expr","locations":[{"start":{"line":316,"column":25},"end":{"line":316,"column":61}},{"start":{"line":316,"column":65},"end":{"line":316,"column":67}}]},"26":{"loc":{"start":{"line":317,"column":26},"end":{"line":317,"column":69}},"type":"binary-expr","locations":[{"start":{"line":317,"column":26},"end":{"line":317,"column":63}},{"start":{"line":317,"column":67},"end":{"line":317,"column":69}}]},"27":{"loc":{"start":{"line":346,"column":21},"end":{"line":346,"column":54}},"type":"binary-expr","locations":[{"start":{"line":346,"column":21},"end":{"line":346,"column":49}},{"start":{"line":346,"column":53},"end":{"line":346,"column":54}}]},"28":{"loc":{"start":{"line":350,"column":24},"end":{"line":350,"column":51}},"type":"binary-expr","locations":[{"start":{"line":350,"column":24},"end":{"line":350,"column":42}},{"start":{"line":350,"column":46},"end":{"line":350,"column":51}}]}},"s":{"0":3,"1":3,"2":3,"3":3,"4":3,"5":3,"6":3,"7":0,"8":0,"9":3,"10":0,"11":0,"12":0,"13":0,"14":0,"15":0,"16":3,"17":0,"18":0,"19":0,"20":0,"21":0,"22":0,"23":0,"24":0,"25":0,"26":0,"27":0,"28":3,"29":0,"30":0,"31":0,"32":0,"33":0,"34":0,"35":0,"36":0,"37":0,"38":0,"39":0,"40":0,"41":0,"42":0,"43":0,"44":0,"45":0,"46":0,"47":0,"48":0,"49":0,"50":0,"51":0,"52":3,"53":0,"54":0,"55":0,"56":0,"57":0,"58":0,"59":0,"60":0,"61":0,"62":0,"63":0,"64":0,"65":0,"66":0,"67":0,"68":0,"69":0,"70":0,"71":0,"72":0,"73":0,"74":0,"75":0,"76":3,"77":0,"78":0,"79":3,"80":0,"81":0,"82":0,"83":0,"84":0,"85":0,"86":3,"87":0,"88":0,"89":0,"90":0,"91":0,"92":0,"93":0,"94":0,"95":0,"96":3,"97":0,"98":0,"99":3,"100":0,"101":3,"102":0,"103":0},"f":{"0":0,"1":0,"2":0,"3":0,"4":0,"5":0,"6":0,"7":0,"8":0,"9":0,"10":0,"11":0},"b":{"0":[0],"1":[0],"2":[0,0],"3":[0,0],"4":[0,0],"5":[0],"6":[0],"7":[0],"8":[0],"9":[0],"10":[0,0,0],"11":[0,0,0],"12":[0,0],"13":[0],"14":[0],"15":[0],"16":[0,0],"17":[0,0,0,0],"18":[0],"19":[0],"20":[0,0],"21":[0],"22":[0,0],"23":[0,0],"24":[0,0],"25":[0,0],"26":[0,0],"27":[0,0],"28":[0,0]}}
,"C:\\Users\\HP\\OneDrive\\Desktop\\Launch Pad\\backend\\src\\routes\\auth.ts": {"path":"C:\\Users\\HP\\OneDrive\\Desktop\\Launch Pad\\backend\\src\\routes\\auth.ts","statementMap":{"0":{"start":{"line":1,"column":0},"end":{"line":1,"column":52}},"1":{"start":{"line":3,"column":0},"end":{"line":3,"column":42}},"2":{"start":{"line":4,"column":0},"end":{"line":4,"column":103}},"3":{"start":{"line":5,"column":0},"end":{"line":5,"column":61}},"4":{"start":{"line":6,"column":0},"end":{"line":6,"column":39}},"5":{"start":{"line":7,"column":0},"end":{"line":7,"column":36}},"6":{"start":{"line":9,"column":13},"end":{"line":9,"column":35}},"7":{"start":{"line":12,"column":0},"end":{"line":34,"column":4}},"8":{"start":{"line":13,"column":28},"end":{"line":13,"column":37}},"9":{"start":{"line":15,"column":2},"end":{"line":17,"column":3}},"10":{"start":{"line":16,"column":4},"end":{"line":16,"column":76}},"11":{"start":{"line":19,"column":16},"end":{"line":22,"column":17}},"12":{"start":{"line":24,"column":18},"end":{"line":24,"column":113}},"13":{"start":{"line":27,"column":2},"end":{"line":31,"column":5}},"14":{"start":{"line":33,"column":2},"end":{"line":33,"column":31}},"15":{"start":{"line":37,"column":0},"end":{"line":105,"column":4}},"16":{"start":{"line":38,"column":49},"end":{"line":38,"column":57}},"17":{"start":{"line":40,"column":2},"end":{"line":42,"column":3}},"18":{"start":{"line":41,"column":4},"end":{"line":41,"column":83}},"19":{"start":{"line":44,"column":28},"end":{"line":44,"column":55}},"20":{"start":{"line":47,"column":15},"end":{"line":47,"column":92}},"21":{"start":{"line":48,"column":2},"end":{"line":50,"column":3}},"22":{"start":{"line":49,"column":4},"end":{"line":49,"column":92}},"23":{"start":{"line":52,"column":18},"end":{"line":52,"column":130}},"24":{"start":{"line":55,"column":18},"end":{"line":58,"column":null}},"25":{"start":{"line":61,"column":2},"end":{"line":63,"column":3}},"26":{"start":{"line":62,"column":4},"end":{"line":62,"column":64}},"27":{"start":{"line":66,"column":2},"end":{"line":82,"column":3}},"28":{"start":{"line":67,"column":4},"end":{"line":72,"column":5}},"29":{"start":{"line":68,"column":6},"end":{"line":71,"column":9}},"30":{"start":{"line":74,"column":24},"end":{"line":77,"column":6}},"31":{"start":{"line":79,"column":4},"end":{"line":81,"column":5}},"32":{"start":{"line":80,"column":6},"end":{"line":80,"column":66}},"33":{"start":{"line":85,"column":2},"end":{"line":88,"column":5}},"34":{"start":{"line":91,"column":21},"end":{"line":91,"column":104}},"35":{"start":{"line":92,"column":15},"end":{"line":92,"column":61}},"36":{"start":{"line":94,"column":16},"end":{"line":94,"column":54}},"37":{"start":{"line":96,"column":2},"end":{"line":104,"column":5}},"38":{"start":{"line":108,"column":0},"end":{"line":128,"column":4}},"39":{"start":{"line":109,"column":24},"end":{"line":109,"column":61}},"40":{"start":{"line":111,"column":17},"end":{"line":111,"column":47}},"41":{"start":{"line":112,"column":21},"end":{"line":112,"column":85}},"42":{"start":{"line":115,"column":2},"end":{"line":119,"column":5}},"43":{"start":{"line":121,"column":2},"end":{"line":127,"column":5}},"44":{"start":{"line":131,"column":0},"end":{"line":151,"column":4}},"45":{"start":{"line":132,"column":23},"end":{"line":132,"column":31}},"46":{"start":{"line":133,"column":24},"end":{"line":133,"column":61}},"47":{"start":{"line":135,"column":15},"end":{"line":135,"column":73}},"48":{"start":{"line":136,"column":2},"end":{"line":138,"column":3}},"49":{"start":{"line":137,"column":4},"end":{"line":137,"column":62}},"50":{"start":{"line":140,"column":18},"end":{"line":140,"column":84}},"51":{"start":{"line":141,"column":2},"end":{"line":143,"column":3}},"52":{"start":{"line":142,"column":4},"end":{"line":142,"column":64}},"53":{"start":{"line":145,"column":2},"end":{"line":148,"column":5}},"54":{"start":{"line":150,"column":2},"end":{"line":150,"column":72}},"55":{"start":{"line":154,"column":0},"end":{"line":173,"column":4}},"56":{"start":{"line":155,"column":24},"end":{"line":155,"column":61}},"57":{"start":{"line":157,"column":15},"end":{"line":160,"column":4}},"58":{"start":{"line":162,"column":21},"end":{"line":165,"column":4}},"59":{"start":{"line":167,"column":2},"end":{"line":172,"column":5}},"60":{"start":{"line":171,"column":51},"end":{"line":171,"column":67}}},"fnMap":{"0":{"name":"(anonymous_0)","decl":{"start":{"line":12,"column":38},"end":{"line":12,"column":43}},"loc":{"start":{"line":12,"column":76},"end":{"line":34,"column":1}}},"1":{"name":"(anonymous_1)","decl":{"start":{"line":37,"column":39},"end":{"line":37,"column":44}},"loc":{"start":{"line":37,"column":77},"end":{"line":105,"column":1}}},"2":{"name":"(anonymous_2)","decl":{"start":{"line":108,"column":57},"end":{"line":108,"column":62}},"loc":{"start":{"line":108,"column":99},"end":{"line":128,"column":1}}},"3":{"name":"(anonymous_3)","decl":{"start":{"line":131,"column":58},"end":{"line":131,"column":63}},"loc":{"start":{"line":131,"column":100},"end":{"line":151,"column":1}}},"4":{"name":"(anonymous_4)","decl":{"start":{"line":154,"column":48},"end":{"line":154,"column":53}},"loc":{"start":{"line":154,"column":90},"end":{"line":173,"column":1}}},"5":{"name":"(anonymous_5)","decl":{"start":{"line":171,"column":46},"end":{"line":171,"column":47}},"loc":{"start":{"line":171,"column":51},"end":{"line":171,"column":67}}}},"branchMap":{"0":{"loc":{"start":{"line":15,"column":2},"end":{"line":17,"column":3}},"type":"if","locations":[{"start":{"line":15,"column":2},"end":{"line":17,"column":3}}]},"1":{"loc":{"start":{"line":15,"column":6},"end":{"line":15,"column":79}},"type":"binary-expr","locations":[{"start":{"line":15,"column":6},"end":{"line":15,"column":20}},{"start":{"line":15,"column":24},"end":{"line":15,"column":79}}]},"2":{"loc":{"start":{"line":40,"column":2},"end":{"line":42,"column":3}},"type":"if","locations":[{"start":{"line":40,"column":2},"end":{"line":42,"column":3}}]},"3":{"loc":{"start":{"line":40,"column":6},"end":{"line":40,"column":34}},"type":"binary-expr","locations":[{"start":{"line":40,"column":6},"end":{"line":40,"column":20}},{"start":{"line":40,"column":24},"end":{"line":40,"column":34}}]},"4":{"loc":{"start":{"line":48,"column":2},"end":{"line":50,"column":3}},"type":"if","locations":[{"start":{"line":48,"column":2},"end":{"line":50,"column":3}}]},"5":{"loc":{"start":{"line":48,"column":6},"end":{"line":48,"column":26}},"type":"binary-expr","locations":[{"start":{"line":48,"column":6},"end":{"line":48,"column":11}},{"start":{"line":48,"column":15},"end":{"line":48,"column":26}}]},"6":{"loc":{"start":{"line":61,"column":2},"end":{"line":63,"column":3}},"type":"if","locations":[{"start":{"line":61,"column":2},"end":{"line":63,"column":3}}]},"7":{"loc":{"start":{"line":66,"column":2},"end":{"line":82,"column":3}},"type":"if","locations":[{"start":{"line":66,"column":2},"end":{"line":82,"column":3}}]},"8":{"loc":{"start":{"line":66,"column":6},"end":{"line":66,"column":41}},"type":"binary-expr","locations":[{"start":{"line":66,"column":6},"end":{"line":66,"column":22}},{"start":{"line":66,"column":26},"end":{"line":66,"column":41}}]},"9":{"loc":{"start":{"line":67,"column":4},"end":{"line":72,"column":5}},"type":"if","locations":[{"start":{"line":67,"column":4},"end":{"line":72,"column":5}}]},"10":{"loc":{"start":{"line":79,"column":4},"end":{"line":81,"column":5}},"type":"if","locations":[{"start":{"line":79,"column":4},"end":{"line":81,"column":5}}]},"11":{"loc":{"start":{"line":92,"column":15},"end":{"line":92,"column":61}},"type":"cond-expr","locations":[{"start":{"line":92,"column":36},"end":{"line":92,"column":49}},{"start":{"line":92,"column":52},"end":{"line":92,"column":61}}]},"12":{"loc":{"start":{"line":136,"column":2},"end":{"line":138,"column":3}},"type":"if","locations":[{"start":{"line":136,"column":2},"end":{"line":138,"column":3}}]},"13":{"loc":{"start":{"line":141,"column":2},"end":{"line":143,"column":3}},"type":"if","locations":[{"start":{"line":141,"column":2},"end":{"line":143,"column":3}}]},"14":{"loc":{"start":{"line":169,"column":10},"end":{"line":169,"column":57}},"type":"cond-expr","locations":[{"start":{"line":169,"column":31},"end":{"line":169,"column":44}},{"start":{"line":169,"column":47},"end":{"line":169,"column":57}}]},"15":{"loc":{"start":{"line":171,"column":21},"end":{"line":171,"column":77}},"type":"binary-expr","locations":[{"start":{"line":171,"column":21},"end":{"line":171,"column":68}},{"start":{"line":171,"column":72},"end":{"line":171,"column":77}}]}},"s":{"0":3,"1":3,"2":3,"3":3,"4":3,"5":3,"6":3,"7":3,"8":0,"9":0,"10":0,"11":0,"12":0,"13":0,"14":0,"15":3,"16":0,"17":0,"18":0,"19":0,"20":0,"21":0,"22":0,"23":0,"24":0,"25":0,"26":0,"27":0,"28":0,"29":0,"30":0,"31":0,"32":0,"33":0,"34":0,"35":0,"36":0,"37":0,"38":3,"39":0,"40":0,"41":0,"42":0,"43":0,"44":3,"45":0,"46":0,"47":0,"48":0,"49":0,"50":0,"51":0,"52":0,"53":0,"54":0,"55":3,"56":0,"57":0,"58":0,"59":0,"60":0},"f":{"0":0,"1":0,"2":0,"3":0,"4":0,"5":0},"b":{"0":[0],"1":[0,0],"2":[0],"3":[0,0],"4":[0],"5":[0,0],"6":[0],"7":[0],"8":[0,0],"9":[0],"10":[0],"11":[0,0],"12":[0],"13":[0],"14":[0,0],"15":[0,0]}}
,"C:\\Users\\HP\\OneDrive\\Desktop\\Launch Pad\\backend\\src\\routes\\dms.ts": {"path":"C:\\Users\\HP\\OneDrive\\Desktop\\Launch Pad\\backend\\src\\routes\\dms.ts","statementMap":{"0":{"start":{"line":1,"column":0},"end":{"line":1,"column":52}},"1":{"start":{"line":3,"column":0},"end":{"line":3,"column":70}},"2":{"start":{"line":4,"column":0},"end":{"line":4,"column":42}},"3":{"start":{"line":5,"column":0},"end":{"line":5,"column":80}},"4":{"start":{"line":6,"column":0},"end":{"line":6,"column":61}},"5":{"start":{"line":7,"column":0},"end":{"line":7,"column":57}},"6":{"start":{"line":8,"column":0},"end":{"line":8,"column":57}},"7":{"start":{"line":10,"column":13},"end":{"line":10,"column":34}},"8":{"start":{"line":13,"column":0},"end":{"line":13,"column":51}},"9":{"start":{"line":23,"column":18},"end":{"line":28,"column":4}},"10":{"start":{"line":30,"column":26},"end":{"line":30,"column":76}},"11":{"start":{"line":31,"column":2},"end":{"line":35,"column":4}},"12":{"start":{"line":39,"column":20},"end":{"line":39,"column":86}},"13":{"start":{"line":40,"column":2},"end":{"line":40,"column":68}},"14":{"start":{"line":44,"column":0},"end":{"line":157,"column":4}},"15":{"start":{"line":53,"column":6},"end":{"line":53,"column":14}},"16":{"start":{"line":55,"column":17},"end":{"line":55,"column":54}},"17":{"start":{"line":57,"column":2},"end":{"line":59,"column":3}},"18":{"start":{"line":58,"column":4},"end":{"line":58,"column":82}},"19":{"start":{"line":62,"column":19},"end":{"line":62,"column":84}},"20":{"start":{"line":65,"column":22},"end":{"line":65,"column":79}},"21":{"start":{"line":67,"column":2},"end":{"line":69,"column":3}},"22":{"start":{"line":68,"column":4},"end":{"line":68,"column":78}},"23":{"start":{"line":73,"column":22},"end":{"line":75,"column":4}},"24":{"start":{"line":77,"column":2},"end":{"line":89,"column":3}},"25":{"start":{"line":78,"column":4},"end":{"line":83,"column":7}},"26":{"start":{"line":85,"column":4},"end":{"line":88,"column":7}},"27":{"start":{"line":92,"column":17},"end":{"line":110,"column":4}},"28":{"start":{"line":113,"column":2},"end":{"line":128,"column":3}},"29":{"start":{"line":114,"column":26},"end":{"line":116,"column":6}},"30":{"start":{"line":117,"column":4},"end":{"line":119,"column":5}},"31":{"start":{"line":118,"column":6},"end":{"line":118,"column":113}},"32":{"start":{"line":120,"column":4},"end":{"line":127,"column":7}},"33":{"start":{"line":131,"column":18},"end":{"line":131,"column":136}},"34":{"start":{"line":132,"column":22},"end":{"line":132,"column":69}},"35":{"start":{"line":134,"column":18},"end":{"line":142,"column":4}},"36":{"start":{"line":144,"column":2},"end":{"line":156,"column":5}},"37":{"start":{"line":160,"column":0},"end":{"line":187,"column":4}},"38":{"start":{"line":161,"column":45},"end":{"line":161,"column":53}},"39":{"start":{"line":163,"column":17},"end":{"line":163,"column":82}},"40":{"start":{"line":164,"column":2},"end":{"line":164,"column":74}},"41":{"start":{"line":164,"column":15},"end":{"line":164,"column":74}},"42":{"start":{"line":165,"column":2},"end":{"line":167,"column":3}},"43":{"start":{"line":166,"column":4},"end":{"line":166,"column":79}},"44":{"start":{"line":169,"column":22},"end":{"line":169,"column":117}},"45":{"start":{"line":171,"column":2},"end":{"line":179,"column":5}},"46":{"start":{"line":181,"column":2},"end":{"line":186,"column":5}},"47":{"start":{"line":190,"column":0},"end":{"line":283,"column":4}},"48":{"start":{"line":199,"column":6},"end":{"line":199,"column":14}},"49":{"start":{"line":201,"column":17},"end":{"line":201,"column":82}},"50":{"start":{"line":202,"column":2},"end":{"line":202,"column":74}},"51":{"start":{"line":202,"column":15},"end":{"line":202,"column":74}},"52":{"start":{"line":205,"column":19},"end":{"line":205,"column":22}},"53":{"start":{"line":206,"column":20},"end":{"line":206,"column":25}},"54":{"start":{"line":208,"column":2},"end":{"line":211,"column":62}},"55":{"start":{"line":208,"column":20},"end":{"line":208,"column":35}},"56":{"start":{"line":209,"column":7},"end":{"line":211,"column":62}},"57":{"start":{"line":209,"column":23},"end":{"line":209,"column":38}},"58":{"start":{"line":210,"column":7},"end":{"line":211,"column":62}},"59":{"start":{"line":210,"column":23},"end":{"line":210,"column":61}},"60":{"start":{"line":211,"column":7},"end":{"line":211,"column":62}},"61":{"start":{"line":211,"column":24},"end":{"line":211,"column":62}},"62":{"start":{"line":214,"column":2},"end":{"line":217,"column":3}},"63":{"start":{"line":216,"column":4},"end":{"line":216,"column":42}},"64":{"start":{"line":220,"column":2},"end":{"line":232,"column":5}},"65":{"start":{"line":235,"column":2},"end":{"line":242,"column":5}},"66":{"start":{"line":245,"column":2},"end":{"line":260,"column":3}},"67":{"start":{"line":246,"column":4},"end":{"line":246,"column":23}},"68":{"start":{"line":249,"column":4},"end":{"line":252,"column":7}},"69":{"start":{"line":255,"column":4},"end":{"line":255,"column":98}},"70":{"start":{"line":258,"column":24},"end":{"line":258,"column":85}},"71":{"start":{"line":259,"column":4},"end":{"line":259,"column":65}},"72":{"start":{"line":262,"column":29},"end":{"line":268,"column":8}},"73":{"start":{"line":270,"column":2},"end":{"line":282,"column":5}},"74":{"start":{"line":286,"column":0},"end":{"line":318,"column":4}},"75":{"start":{"line":287,"column":17},"end":{"line":287,"column":54}},"76":{"start":{"line":289,"column":18},"end":{"line":301,"column":4}},"77":{"start":{"line":303,"column":2},"end":{"line":317,"column":5}},"78":{"start":{"line":306,"column":31},"end":{"line":316,"column":6}},"79":{"start":{"line":321,"column":0},"end":{"line":330,"column":4}},"80":{"start":{"line":322,"column":17},"end":{"line":322,"column":54}},"81":{"start":{"line":324,"column":18},"end":{"line":327,"column":4}},"82":{"start":{"line":329,"column":2},"end":{"line":329,"column":24}},"83":{"start":{"line":333,"column":0},"end":{"line":347,"column":4}},"84":{"start":{"line":334,"column":17},"end":{"line":334,"column":54}},"85":{"start":{"line":335,"column":23},"end":{"line":335,"column":33}},"86":{"start":{"line":337,"column":17},"end":{"line":337,"column":82}},"87":{"start":{"line":338,"column":2},"end":{"line":338,"column":74}},"88":{"start":{"line":338,"column":15},"end":{"line":338,"column":74}},"89":{"start":{"line":339,"column":2},"end":{"line":339,"column":90}},"90":{"start":{"line":339,"column":32},"end":{"line":339,"column":90}},"91":{"start":{"line":341,"column":2},"end":{"line":344,"column":5}},"92":{"start":{"line":346,"column":2},"end":{"line":346,"column":68}}},"fnMap":{"0":{"name":"simulateAttestation","decl":{"start":{"line":16,"column":9},"end":{"line":16,"column":28}},"loc":{"start":{"line":16,"column":44},"end":{"line":36,"column":1}}},"1":{"name":"computeJwkThumbprint","decl":{"start":{"line":38,"column":9},"end":{"line":38,"column":29}},"loc":{"start":{"line":38,"column":38},"end":{"line":41,"column":1}}},"2":{"name":"(anonymous_2)","decl":{"start":{"line":44,"column":54},"end":{"line":44,"column":59}},"loc":{"start":{"line":44,"column":96},"end":{"line":157,"column":1}}},"3":{"name":"(anonymous_3)","decl":{"start":{"line":160,"column":52},"end":{"line":160,"column":57}},"loc":{"start":{"line":160,"column":94},"end":{"line":187,"column":1}}},"4":{"name":"(anonymous_4)","decl":{"start":{"line":190,"column":62},"end":{"line":190,"column":67}},"loc":{"start":{"line":190,"column":104},"end":{"line":283,"column":1}}},"5":{"name":"(anonymous_5)","decl":{"start":{"line":286,"column":51},"end":{"line":286,"column":56}},"loc":{"start":{"line":286,"column":93},"end":{"line":318,"column":1}}},"6":{"name":"(anonymous_6)","decl":{"start":{"line":306,"column":25},"end":{"line":306,"column":26}},"loc":{"start":{"line":306,"column":31},"end":{"line":316,"column":6}}},"7":{"name":"(anonymous_7)","decl":{"start":{"line":321,"column":52},"end":{"line":321,"column":57}},"loc":{"start":{"line":321,"column":94},"end":{"line":330,"column":1}}},"8":{"name":"(anonymous_8)","decl":{"start":{"line":333,"column":65},"end":{"line":333,"column":70}},"loc":{"start":{"line":333,"column":107},"end":{"line":347,"column":1}}}},"branchMap":{"0":{"loc":{"start":{"line":46,"column":4},"end":{"line":46,"column":20}},"type":"default-arg","locations":[{"start":{"line":46,"column":15},"end":{"line":46,"column":20}}]},"1":{"loc":{"start":{"line":52,"column":4},"end":{"line":52,"column":26}},"type":"default-arg","locations":[{"start":{"line":52,"column":21},"end":{"line":52,"column":26}}]},"2":{"loc":{"start":{"line":57,"column":2},"end":{"line":59,"column":3}},"type":"if","locations":[{"start":{"line":57,"column":2},"end":{"line":59,"column":3}}]},"3":{"loc":{"start":{"line":57,"column":6},"end":{"line":57,"column":33}},"type":"binary-expr","locations":[{"start":{"line":57,"column":6},"end":{"line":57,"column":19}},{"start":{"line":57,"column":23},"end":{"line":57,"column":33}}]},"4":{"loc":{"start":{"line":67,"column":2},"end":{"line":69,"column":3}},"type":"if","locations":[{"start":{"line":67,"column":2},"end":{"line":69,"column":3}}]},"5":{"loc":{"start":{"line":77,"column":2},"end":{"line":89,"column":3}},"type":"if","locations":[{"start":{"line":77,"column":2},"end":{"line":89,"column":3}}]},"6":{"loc":{"start":{"line":113,"column":2},"end":{"line":128,"column":3}},"type":"if","locations":[{"start":{"line":113,"column":2},"end":{"line":128,"column":3}}]},"7":{"loc":{"start":{"line":117,"column":4},"end":{"line":119,"column":5}},"type":"if","locations":[{"start":{"line":117,"column":4},"end":{"line":119,"column":5}}]},"8":{"loc":{"start":{"line":131,"column":18},"end":{"line":131,"column":136}},"type":"cond-expr","locations":[{"start":{"line":131,"column":37},"end":{"line":131,"column":75}},{"start":{"line":131,"column":78},"end":{"line":131,"column":136}}]},"9":{"loc":{"start":{"line":138,"column":21},"end":{"line":138,"column":84}},"type":"cond-expr","locations":[{"start":{"line":138,"column":40},"end":{"line":138,"column":72}},{"start":{"line":138,"column":75},"end":{"line":138,"column":84}}]},"10":{"loc":{"start":{"line":164,"column":2},"end":{"line":164,"column":74}},"type":"if","locations":[{"start":{"line":164,"column":2},"end":{"line":164,"column":74}}]},"11":{"loc":{"start":{"line":165,"column":2},"end":{"line":167,"column":3}},"type":"if","locations":[{"start":{"line":165,"column":2},"end":{"line":167,"column":3}}]},"12":{"loc":{"start":{"line":193,"column":4},"end":{"line":193,"column":24}},"type":"default-arg","locations":[{"start":{"line":193,"column":19},"end":{"line":193,"column":24}}]},"13":{"loc":{"start":{"line":194,"column":4},"end":{"line":194,"column":22}},"type":"default-arg","locations":[{"start":{"line":194,"column":17},"end":{"line":194,"column":22}}]},"14":{"loc":{"start":{"line":195,"column":4},"end":{"line":195,"column":22}},"type":"default-arg","locations":[{"start":{"line":195,"column":17},"end":{"line":195,"column":22}}]},"15":{"loc":{"start":{"line":196,"column":4},"end":{"line":196,"column":23}},"type":"default-arg","locations":[{"start":{"line":196,"column":18},"end":{"line":196,"column":23}}]},"16":{"loc":{"start":{"line":202,"column":2},"end":{"line":202,"column":74}},"type":"if","locations":[{"start":{"line":202,"column":2},"end":{"line":202,"column":74}}]},"17":{"loc":{"start":{"line":208,"column":2},"end":{"line":211,"column":62}},"type":"if","locations":[{"start":{"line":208,"column":2},"end":{"line":211,"column":62}},{"start":{"line":209,"column":7},"end":{"line":211,"column":62}}]},"18":{"loc":{"start":{"line":209,"column":7},"end":{"line":211,"column":62}},"type":"if","locations":[{"start":{"line":209,"column":7},"end":{"line":211,"column":62}},{"start":{"line":210,"column":7},"end":{"line":211,"column":62}}]},"19":{"loc":{"start":{"line":210,"column":7},"end":{"line":211,"column":62}},"type":"if","locations":[{"start":{"line":210,"column":7},"end":{"line":211,"column":62}},{"start":{"line":211,"column":7},"end":{"line":211,"column":62}}]},"20":{"loc":{"start":{"line":211,"column":7},"end":{"line":211,"column":62}},"type":"if","locations":[{"start":{"line":211,"column":7},"end":{"line":211,"column":62}}]},"21":{"loc":{"start":{"line":214,"column":2},"end":{"line":217,"column":3}},"type":"if","locations":[{"start":{"line":214,"column":2},"end":{"line":217,"column":3}}]},"22":{"loc":{"start":{"line":245,"column":2},"end":{"line":260,"column":3}},"type":"if","locations":[{"start":{"line":245,"column":2},"end":{"line":260,"column":3}}]},"23":{"loc":{"start":{"line":262,"column":29},"end":{"line":268,"column":8}},"type":"cond-expr","locations":[{"start":{"line":262,"column":47},"end":{"line":268,"column":4}},{"start":{"line":268,"column":6},"end":{"line":268,"column":8}}]},"24":{"loc":{"start":{"line":277,"column":21},"end":{"line":281,"column":26}},"type":"cond-expr","locations":[{"start":{"line":278,"column":8},"end":{"line":278,"column":64}},{"start":{"line":279,"column":8},"end":{"line":281,"column":26}}]},"25":{"loc":{"start":{"line":279,"column":8},"end":{"line":281,"column":26}},"type":"cond-expr","locations":[{"start":{"line":280,"column":8},"end":{"line":280,"column":68}},{"start":{"line":281,"column":8},"end":{"line":281,"column":26}}]},"26":{"loc":{"start":{"line":315,"column":27},"end":{"line":315,"column":56}},"type":"binary-expr","locations":[{"start":{"line":315,"column":27},"end":{"line":315,"column":48}},{"start":{"line":315,"column":52},"end":{"line":315,"column":56}}]},"27":{"loc":{"start":{"line":338,"column":2},"end":{"line":338,"column":74}},"type":"if","locations":[{"start":{"line":338,"column":2},"end":{"line":338,"column":74}}]},"28":{"loc":{"start":{"line":339,"column":2},"end":{"line":339,"column":90}},"type":"if","locations":[{"start":{"line":339,"column":2},"end":{"line":339,"column":90}}]}},"s":{"0":3,"1":3,"2":3,"3":3,"4":3,"5":3,"6":3,"7":3,"8":3,"9":0,"10":0,"11":0,"12":0,"13":0,"14":3,"15":0,"16":0,"17":0,"18":0,"19":0,"20":0,"21":0,"22":0,"23":0,"24":0,"25":0,"26":0,"27":0,"28":0,"29":0,"30":0,"31":0,"32":0,"33":0,"34":0,"35":0,"36":0,"37":3,"38":0,"39":0,"40":0,"41":0,"42":0,"43":0,"44":0,"45":0,"46":0,"47":3,"48":0,"49":0,"50":0,"51":0,"52":0,"53":0,"54":0,"55":0,"56":0,"57":0,"58":0,"59":0,"60":0,"61":0,"62":0,"63":0,"64":0,"65":0,"66":0,"67":0,"68":0,"69":0,"70":0,"71":0,"72":0,"73":0,"74":3,"75":0,"76":0,"77":0,"78":0,"79":3,"80":0,"81":0,"82":0,"83":3,"84":0,"85":0,"86":0,"87":0,"88":0,"89":0,"90":0,"91":0,"92":0},"f":{"0":0,"1":0,"2":0,"3":0,"4":0,"5":0,"6":0,"7":0,"8":0},"b":{"0":[0],"1":[0],"2":[0],"3":[0,0],"4":[0],"5":[0],"6":[0],"7":[0],"8":[0,0],"9":[0,0],"10":[0],"11":[0],"12":[0],"13":[0],"14":[0],"15":[0],"16":[0],"17":[0,0],"18":[0,0],"19":[0,0],"20":[0],"21":[0],"22":[0],"23":[0,0],"24":[0,0],"25":[0,0],"26":[0,0],"27":[0],"28":[0]}}
,"C:\\Users\\HP\\OneDrive\\Desktop\\Launch Pad\\backend\\src\\routes\\part1.ts": {"path":"C:\\Users\\HP\\OneDrive\\Desktop\\Launch Pad\\backend\\src\\routes\\part1.ts","statementMap":{"0":{"start":{"line":1,"column":0},"end":{"line":1,"column":43}},"1":{"start":{"line":2,"column":0},"end":{"line":2,"column":24}},"2":{"start":{"line":3,"column":0},"end":{"line":3,"column":42}},"3":{"start":{"line":4,"column":0},"end":{"line":4,"column":107}},"4":{"start":{"line":5,"column":0},"end":{"line":5,"column":61}},"5":{"start":{"line":7,"column":13},"end":{"line":7,"column":36}},"6":{"start":{"line":10,"column":28},"end":{"line":25,"column":2}},"7":{"start":{"line":27,"column":24},"end":{"line":31,"column":2}},"8":{"start":{"line":33,"column":21},"end":{"line":40,"column":2}},"9":{"start":{"line":42,"column":44},"end":{"line":47,"column":2}},"10":{"start":{"line":50,"column":0},"end":{"line":89,"column":4}},"11":{"start":{"line":55,"column":6},"end":{"line":55,"column":15}},"12":{"start":{"line":57,"column":21},"end":{"line":57,"column":23}},"13":{"start":{"line":58,"column":2},"end":{"line":58,"column":36}},"14":{"start":{"line":58,"column":14},"end":{"line":58,"column":36}},"15":{"start":{"line":59,"column":2},"end":{"line":59,"column":33}},"16":{"start":{"line":59,"column":13},"end":{"line":59,"column":33}},"17":{"start":{"line":60,"column":2},"end":{"line":60,"column":42}},"18":{"start":{"line":60,"column":16},"end":{"line":60,"column":42}},"19":{"start":{"line":61,"column":2},"end":{"line":61,"column":30}},"20":{"start":{"line":61,"column":12},"end":{"line":61,"column":30}},"21":{"start":{"line":63,"column":15},"end":{"line":63,"column":73}},"22":{"start":{"line":64,"column":15},"end":{"line":64,"column":54}},"23":{"start":{"line":66,"column":28},"end":{"line":78,"column":4}},"24":{"start":{"line":80,"column":2},"end":{"line":88,"column":5}},"25":{"start":{"line":92,"column":0},"end":{"line":106,"column":4}},"26":{"start":{"line":93,"column":18},"end":{"line":99,"column":4}},"27":{"start":{"line":101,"column":2},"end":{"line":103,"column":3}},"28":{"start":{"line":102,"column":4},"end":{"line":102,"column":64}},"29":{"start":{"line":105,"column":2},"end":{"line":105,"column":20}},"30":{"start":{"line":109,"column":0},"end":{"line":137,"column":4}},"31":{"start":{"line":110,"column":15},"end":{"line":110,"column":50}},"32":{"start":{"line":112,"column":2},"end":{"line":114,"column":3}},"33":{"start":{"line":113,"column":4},"end":{"line":113,"column":81}},"34":{"start":{"line":116,"column":2},"end":{"line":118,"column":3}},"35":{"start":{"line":117,"column":4},"end":{"line":117,"column":82}},"36":{"start":{"line":120,"column":18},"end":{"line":131,"column":4}},"37":{"start":{"line":133,"column":2},"end":{"line":136,"column":5}},"38":{"start":{"line":140,"column":0},"end":{"line":163,"column":4}},"39":{"start":{"line":141,"column":17},"end":{"line":141,"column":27}},"40":{"start":{"line":142,"column":46},"end":{"line":142,"column":54}},"41":{"start":{"line":144,"column":2},"end":{"line":146,"column":3}},"42":{"start":{"line":145,"column":4},"end":{"line":145,"column":82}},"43":{"start":{"line":148,"column":18},"end":{"line":148,"column":68}},"44":{"start":{"line":149,"column":2},"end":{"line":149,"column":76}},"45":{"start":{"line":149,"column":16},"end":{"line":149,"column":76}},"46":{"start":{"line":150,"column":2},"end":{"line":152,"column":3}},"47":{"start":{"line":151,"column":4},"end":{"line":151,"column":78}},"48":{"start":{"line":154,"column":18},"end":{"line":157,"column":4}},"49":{"start":{"line":159,"column":2},"end":{"line":162,"column":5}},"50":{"start":{"line":166,"column":0},"end":{"line":199,"column":4}},"51":{"start":{"line":167,"column":15},"end":{"line":167,"column":46}},"52":{"start":{"line":169,"column":18},"end":{"line":169,"column":84}},"53":{"start":{"line":170,"column":2},"end":{"line":170,"column":76}},"54":{"start":{"line":170,"column":16},"end":{"line":170,"column":76}},"55":{"start":{"line":172,"column":19},"end":{"line":179,"column":4}},"56":{"start":{"line":181,"column":2},"end":{"line":183,"column":3}},"57":{"start":{"line":182,"column":4},"end":{"line":182,"column":91}},"58":{"start":{"line":185,"column":24},"end":{"line":185,"column":46}},"59":{"start":{"line":186,"column":16},"end":{"line":193,"column":4}},"60":{"start":{"line":195,"column":2},"end":{"line":198,"column":5}},"61":{"start":{"line":202,"column":0},"end":{"line":230,"c
[...]
5}},"115":{"start":{"line":307,"column":0},"end":{"line":352,"column":4}},"116":{"start":{"line":308,"column":46},"end":{"line":308,"column":54}},"117":{"start":{"line":309,"column":21},"end":{"line":309,"column":58}},"118":{"start":{"line":311,"column":2},"end":{"line":311,"column":87}},"119":{"start":{"line":311,"column":18},"end":{"line":311,"column":87}},"120":{"start":{"line":313,"column":18},"end":{"line":313,"column":20}},"121":{"start":{"line":314,"column":2},"end":{"line":346,"column":3}},"122":{"start":{"line":314,"column":15},"end":{"line":314,"column":16}},"123":{"start":{"line":315,"column":17},"end":{"line":315,"column":27}},"124":{"start":{"line":316,"column":23},"end":{"line":316,"column":114}},"125":{"start":{"line":316,"column":59},"end":{"line":316,"column":102}},"126":{"start":{"line":317,"column":24},"end":{"line":317,"column":51}},"127":{"start":{"line":319,"column":21},"end":{"line":332,"column":6}},"128":{"start":{"line":334,"column":4},"end":{"line":343,"column":5}},"129":{"start":{"line":335,"column":6},"end":{"line":342,"column":9}},"130":{"start":{"line":345,"column":4},"end":{"line":345,"column":92}},"131":{"start":{"line":348,"column":2},"end":{"line":351,"column":5}}},"fnMap":{"0":{"name":"(anonymous_0)","decl":{"start":{"line":3,"column":15},"end":{"line":3,"column":16}},"loc":{"start":{"line":3,"column":32},"end":{"line":10,"column":1}}},"1":{"name":"generateReferralLinks","decl":{"start":{"line":22,"column":9},"end":{"line":22,"column":30}},"loc":{"start":{"line":22,"column":61},"end":{"line":33,"column":1}}},"2":{"name":"(anonymous_2)","decl":{"start":{"line":36,"column":55},"end":{"line":36,"column":60}},"loc":{"start":{"line":36,"column":97},"end":{"line":77,"column":1}}},"3":{"name":"(anonymous_3)","decl":{"start":{"line":44,"column":30},"end":{"line":44,"column":31}},"loc":{"start":{"line":44,"column":36},"end":{"line":50,"column":4}}},"4":{"name":"(anonymous_4)","decl":{"start":{"line":80,"column":65},"end":{"line":80,"column":70}},"loc":{"start":{"line":80,"column":107},"end":{"line":115,"column":1}}},"5":{"name":"(anonymous_5)","decl":{"start":{"line":118,"column":55},"end":{"line":118,"column":60}},"loc":{"start":{"line":118,"column":97},"end":{"line":166,"column":1}}},"6":{"name":"(anonymous_6)","decl":{"start":{"line":127,"column":38},"end":{"line":127,"column":39}},"loc":{"start":{"line":127,"column":43},"end":{"line":127,"column":67}}},"7":{"name":"(anonymous_7)","decl":{"start":{"line":128,"column":35},"end":{"line":128,"column":36}},"loc":{"start":{"line":128,"column":40},"end":{"line":128,"column":62}}},"8":{"name":"(anonymous_8)","decl":{"start":{"line":129,"column":35},"end":{"line":129,"column":36}},"loc":{"start":{"line":129,"column":40},"end":{"line":129,"column":62}}},"9":{"name":"(anonymous_9)","decl":{"start":{"line":132,"column":39},"end":{"line":132,"column":40}},"loc":{"start":{"line":132,"column":51},"end":{"line":132,"column":69}}},"10":{"name":"(anonymous_10)","decl":{"start":{"line":134,"column":38},"end":{"line":134,"column":39}},"loc":{"start":{"line":134,"column":49},"end":{"line":143,"column":3}}},"11":{"name":"(anonymous_11)","decl":{"start":{"line":135,"column":42},"end":{"line":135,"column":43}},"loc":{"start":{"line":135,"column":47},"end":{"line":135,"column":63}}},"12":{"name":"(anonymous_12)","decl":{"start":{"line":138,"column":38},"end":{"line":138,"column":39}},"loc":{"start":{"line":138,"column":43},"end":{"line":138,"column":67}}},"13":{"name":"(anonymous_13)","decl":{"start":{"line":139,"column":35},"end":{"line":139,"column":36}},"loc":{"start":{"line":139,"column":40},"end":{"line":139,"column":62}}},"14":{"name":"(anonymous_14)","decl":{"start":{"line":140,"column":34},"end":{"line":140,"column":35}},"loc":{"start":{"line":140,"column":44},"end":{"line":140,"column":60}}},"15":{"name":"(anonymous_15)","decl":{"start":{"line":154,"column":29},"end":{"line":154,"column":30}},"loc":{"start":{"line":154,"column":35},"end":{"line":164,"column":6}}},"16":{"name":"(anonymous_16)","decl":{"start":{"line":169,"column":43},"end":{"line":169,"column":48}},"loc":{"start":{"line":169,"column":72},"end":{"line":197,"column":1}}},"17":{"name":"(anonymous_17)","decl":{"start":{"line":200,"column":45},"end":{"line":200,"column":50}},"loc":{"start":{"line":200,"column":74},"end":{"line":217,"column":1}}},"18":{"name":"(anonymous_18)","decl":{"start":{"line":221,"column":59},"end":{"line":221,"column":64}},"loc":{"start":{"line":221,"column":101},"end":{"line":240,"column":1}}},"19":{"name":"(anonymous_19)","decl":{"start":{"line":244,"column":59},"end":{"line":244,"column":64}},"loc":{"start":{"line":244,"column":101},"end":{"line":303,"column":1}}},"20":{"name":"(anonymous_20)","decl":{"start":{"line":307,"column":59},"end":{"line":307,"column":64}},"loc":{"start":{"line":307,"column":101},"end":{"line":352,"column":1}}},"21":{"name":"(anonymous_21)","decl":{"start":{"line":316,"column":53},"end":{"line":316,"column":56}},"loc":{"start":{"line":316,"column":59},"end":{"line":316,"column":102}}}},"branchMap":{"0":{"loc":{"start":{"line":23,"column":18},"end":{"line":23,"column":69}},"type":"binary-expr","locations":[{"start":{"line":23,"column":18},"end":{"line":23,"column":42}},{"start":{"line":23,"column":46},"end":{"line":23,"column":69}}]},"1":{"loc":{"start":{"line":32,"column":9},"end":{"line":32,"column":44}},"type":"binary-expr","locations":[{"start":{"line":32,"column":9},"end":{"line":32,"column":24}},{"start":{"line":32,"column":28},"end":{"line":32,"column":44}}]},"2":{"loc":{"start":{"line":53,"column":2},"end":{"line":74,"column":3}},"type":"if","locations":[{"start":{"line":53,"column":2},"end":{"line":74,"column":3}}]},"3":{"loc":{"start":{"line":84,"column":2},"end":{"line":86,"column":3}},"type":"if","locations":[{"start":{"line":84,"column":2},"end":{"line":86,"column":3}}]},"4":{"loc":{"start":{"line":93,"column":2},"end":{"line":98,"column":3}},"type":"if","locations":[{"start":{"line":93,"column":2},"end":{"line":98,"column":3}}]},"5":{"loc":{"start":{"line":159,"column":14},"end":{"line":159,"column":48}},"type":"cond-expr","locations":[{"start":{"line":159,"column":31},"end":{"line":159,"column":44}},{"start":{"line":159,"column":47},"end":{"line":159,"column":48}}]},"6":{"loc":{"start":{"line":173,"column":2},"end":{"line":173,"column":81}},"type":"if","locations":[{"start":{"line":173,"column":2},"end":{"line":173,"column":81}}]},"7":{"loc":{"start":{"line":175,"column":2},"end":{"line":178,"column":3}},"type":"if","locations":[{"start":{"line":175,"column":2},"end":{"line":178,"column":3}}]},"8":{"loc":{"start":{"line":181,"column":17},"end":{"line":181,"column":71}},"type":"cond-expr","locations":[{"start":{"line":181,"column":26},"end":{"line":181,"column":64}},{"start":{"line":181,"column":67},"end":{"line":181,"column":71}}]},"9":{"loc":{"start":{"line":208,"column":2},"end":{"line":208,"column":77}},"type":"if","locations":[{"start":{"line":208,"column":2},"end":{"line":208,"column":77}}]},"10":{"loc":{"start":{"line":209,"column":2},"end":{"line":209,"column":92}},"type":"if","locations":[{"start":{"line":209,"column":2},"end":{"line":209,"column":92}}]},"11":{"loc":{"start":{"line":210,"column":2},"end":{"line":210,"column":97}},"type":"if","locations":[{"start":{"line":210,"column":2},"end":{"line":210,"column":97}}]},"12":{"loc":{"start":{"line":226,"column":2},"end":{"line":226,"column":81}},"type":"if","locations":[{"start":{"line":226,"column":2},"end":{"line":226,"column":81}}]},"13":{"loc":{"start":{"line":227,"column":2},"end":{"line":229,"column":3}},"type":"if","locations":[{"start":{"line":227,"column":2},"end":{"line":229,"column":3}}]},"14":{"loc":{"start":{"line":230,"column":2},"end":{"line":232,"column":3}},"type":"if","locations":[{"start":{"line":230,"column":2},"end":{"line":232,"column":3}}]},"15":{"loc":{"start":{"line":248,"column":2},"end":{"line":252,"column":3}},"type":"if","locations":[{"start":{"line":248,"column":2},"end":{"line":252,"column":3}}]},"16":{"loc":{"start":{"line":258,"column":2},"end":{"line":260,"column":3}},"type":"if","locations":[{"start":{"line":258,"column":2},"end":{"line":260,"column":3}}]},"17":{"loc":{"start":{"line":308,"column":10},"end":{"line":308,"column":19}},"type":"default-arg","locations":[{"start":{"line":308,"column":18},"end":{"line":308,"column":19}}]},"18":{"loc":{"start":{"line":308,"column":21},"end":{"line":308,"column":41}},"type":"default-arg","locations":[{"start":{"line":308,"column":32},"end":{"line":308,"column":41}}]},"19":{"loc":{"start":{"line":311,"column":2},"end":{"line":311,"column":87}},"type":"if","locations":[{"start":{"line":311,"column":2},"end":{"line":311,"column":87}}]},"20":{"loc":{"start":{"line":325,"column":16},"end":{"line":325,"column":53}},"type":"cond-expr","locations":[{"start":{"line":325,"column":30},"end":{"line":325,"column":41}},{"start":{"line":325,"column":44},"end":{"line":325,"column":53}}]},"21":{"loc":{"start":{"line":329,"column":21},"end":{"line":329,"column":52}},"type":"cond-expr","locations":[{"start":{"line":329,"column":35},"end":{"line":329,"column":45}},{"start":{"line":329,"column":48},"end":{"line":329,"column":52}}]},"22":{"loc":{"start":{"line":334,"column":4},"end":{"line":343,"column":5}},"type":"if","locations":[{"start":{"line":334,"column":4},"end":{"line":343,"column":5}}]}},"s":{"0":3,"1":3,"2":0,"3":0,"4":0,"5":0,"6":0,"7":0,"8":3,"9":3,"10":3,"11":3,"12":3,"13":3,"14":3,"15":3,"16":0,"17":0,"18":0,"19":0,"20":3,"21":0,"22":0,"23":0,"24":0,"25":0,"26":0,"27":0,"28":0,"29":0,"30":0,"31":0,"32":0,"33":3,"34":0,"35":0,"36":0,"37":0,"38":0,"39":0,"40":0,"41":0,"42":0,"43":0,"44":3,"45":0,"46":0,"47":0,"48":0,"49":0,"50":0,"51":0,"52":0,"53":0,"54":0,"55":0,"56":0,"57":0,"58":0,"59":0,"60":0,"61":0,"62":0,"63":0,"64":0,"65":0,"66":0,"67":0,"68":3,"69":0,"70":0,"71":0,"72":0,"73":0,"74":0,"75":0,"76":0,"77":0,"78":0,"79":3,"80":0,"81":0,"82":0,"83":0,"84":0,"85":0,"86":0,"87":0,"88":0,"89":3,"90":0,"91":0,"92":0,"93":0,"94":0,"95":0,"96":0,"97":0,"98":0,"99":0,"100":0,"101":3,"102":0,"103":0,"104":0,"105":0,"106":0,"107":0,"108":0,"109":0,"110":0,"111":0,"112":0,"113":0,"114":0,"115":3,"116":0,"117":0,"118":0,"119":0,"120":0,"121":0,"122":0,"123":0,"124":0,"125":0,"126":0,"127":0,"128":0,"129":0,"130":0,"131":0},"f":{"0":0,"1":0,"2":0,"3":0,"4":0,"5":0,"6":0,"7":0,"8":0,"9":0,"10":0,"11":0,"12":0,"13":0,"14":0,"15":0,"16":0,"17":0,"18":0,"19":0,"20":0,"21":0},"b":{"0":[0,0],"1":[0,0],"2":[0],"3":[0],"4":[0],"5":[0,0],"6":[0],"7":[0],"8":[0,0],"9":[0],"10":[0],"11":[0],"12":[0],"13":[0],"14":[0],"15":[0],"16":[0],"17":[0],"18":[0],"19":[0],"20":[0,0],"21":[0,0],"22":[0]}}
,"C:\\Users\\HP\\OneDrive\\Desktop\\Launch Pad\\backend\\src\\websocket\\referralSocket.ts": {"path":"C:\\Users\\HP\\OneDrive\\Desktop\\Launch Pad\\backend\\src\\websocket\\referralSocket.ts","statementMap":{"0":{"start":{"line":12,"column":0},"end":{"line":12,"column":16}},"1":{"start":{"line":101,"column":0},"end":{"line":101,"column":16}},"2":{"start":{"line":110,"column":0},"end":{"line":110,"column":16}},"3":{"start":{"line":1,"column":0},"end":{"line":1,"column":48}},"4":{"start":{"line":2,"column":0},"end":{"line":2,"column":42}},"5":{"start":{"line":10,"column":31},"end":{"line":10,"column":40}},"6":{"start":{"line":13,"column":2},"end":{"line":58,"column":5}},"7":{"start":{"line":14,"column":29},"end":{"line":14,"column":35}},"8":{"start":{"line":15,"column":4},"end":{"line":15,"column":24}},"9":{"start":{"line":17,"column":4},"end":{"line":17,"column":70}},"10":{"start":{"line":19,"column":4},"end":{"line":40,"column":7}},"11":{"start":{"line":20,"column":6},"end":{"line":39,"column":7}},"12":{"start":{"line":21,"column":24},"end":{"line":21,"column":51}},"13":{"start":{"line":23,"column":8},"end":{"line":32,"column":9}},"14":{"start":{"line":24,"column":10},"end":{"line":24,"column":70}},"15":{"start":{"line":25,"column":10},"end":{"line":25,"column":63}},"16":{"start":{"line":26,"column":10},"end":{"line":26,"column":95}},"17":{"start":{"line":29,"column":10},"end":{"line":31,"column":11}},"18":{"start":{"line":30,"column":12},"end":{"line":30,"column":45}},"19":{"start":{"line":34,"column":8},"end":{"line":36,"column":9}},"20":{"start":{"line":35,"column":10},"end":{"line":35,"column":52}},"21":{"start":{"line":38,"column":8},"end":{"line":38,"column":86}},"22":{"start":{"line":42,"column":4},"end":{"line":45,"column":7}},"23":{"start":{"line":43,"column":6},"end":{"line":43,"column":29}},"24":{"start":{"line":44,"column":6},"end":{"line":44,"column":75}},"25":{"start":{"line":47,"column":4},"end":{"line":50,"column":7}},"26":{"start":{"line":48,"column":6},"end":{"line":48,"column":53}},"27":{"start":{"line":49,"column":6},"end":{"line":49,"column":29}},"28":{"start":{"line":53,"column":4},"end":{"line":57,"column":8}},"29":{"start":{"line":61,"column":2},"end":{"line":69,"column":3}},"30":{"start":{"line":62,"column":4},"end":{"line":68,"column":13}},"31":{"start":{"line":63,"column":6},"end":{"line":67,"column":7}},"32":{"start":{"line":64,"column":8},"end":{"line":66,"column":9}},"33":{"start":{"line":65,"column":10},"end":{"line":65,"column":43}},"34":{"start":{"line":73,"column":2},"end":{"line":73,"column":79}},"35":{"start":{"line":73,"column":72},"end":{"line":73,"column":79}},"36":{"start":{"line":75,"column":2},"end":{"line":97,"column":3}},"37":{"start":{"line":76,"column":22},"end":{"line":78,"column":6}},"38":{"start":{"line":80,"column":18},"end":{"line":80,"column":34}},"39":{"start":{"line":81,"column":23},"end":{"line":81,"column":77}},"40":{"start":{"line":81,"column":45},"end":{"line":81,"column":69}},"41":{"start":{"line":82,"column":20},"end":{"line":82,"column":72}},"42":{"start":{"line":82,"column":42},"end":{"line":82,"column":64}},"43":{"start":{"line":83,"column":20},"end":{"line":83,"column":36}},"44":{"start":{"line":84,"column":23},"end":{"line":88,"column":6}},"45":{"start":{"line":85,"column":38},"end":{"line":85,"column":63}},"46":{"start":{"line":86,"column":37},"end":{"line":86,"column":61}},"47":{"start":{"line":87,"column":38},"end":{"line":87,"column":63}},"48":{"start":{"line":90,"column":4},"end":{"line":94,"column":8}},"49":{"start":{"line":102,"column":2},"end":{"line":106,"column":3}},"50":{"start":{"line":103,"column":4},"end":{"line":105,"column":5}},"51":{"start":{"line":104,"column":6},"end":{"line":104,"column":43}},"52":{"start":{"line":111,"column":2},"end":{"line":115,"column":3}},"53":{"start":{"line":112,"column":4},"end":{"line":114,"column":5}},"54":{"start":{"line":113,"column":6},"end":{"line":113,"column":43}}},"fnMap":{"0":{"name":"setupWebSocket","decl":{"start":{"line":12,"column":16},"end":{"line":12,"column":30}},"loc":{"start":{"line":12,"column":51},"end":{"line":70,"column":1}}},"1":{"name":"(anonymous_1)","decl":{"start":{"line":13,"column":23},"end":{"line":13,"column":24}},"loc":{"start":{"line":13,"column":35},"end":{"line":58,"column":3}}},"2":{"name":"(anonymous_2)","decl":{"start":{"line":19,"column":21},"end":{"line":19,"column":26}},"loc":{"start":{"line":19,"column":36},"end":{"line":40,"column":5}}},"3":{"name":"(anonymous_3)","decl":{"start":{"line":42,"column":19},"end":{"line":42,"column":22}},"loc":{"start":{"line":42,"column":24},"end":{"line":45,"column":5}}},"4":{"name":"(anonymous_4)","decl":{"start":{"line":47,"column":19},"end":{"line":47,"column":20}},"loc":{"start":{"line":47,"column":27},"end":{"line":50,"column":5}}},"5":{"name":"(anonymous_5)","decl":{"start":{"line":62,"column":16},"end":{"line":62,"column":21}},"loc":{"start":{"line":62,"column":27},"end":{"line":68,"column":5}}},"6":{"name":"sendReferralUpdate","decl":{"start":{"line":72,"column":15},"end":{"line":72,"column":33}},"loc":{"start":{"line":72,"column":50},"end":{"line":98,"column":1}}},"7":{"name":"(anonymous_7)","decl":{"start":{"line":81,"column":40},"end":{"line":81,"column":41}},"loc":{"start":{"line":81,"column":45},"end":{"line":81,"column":69}}},"8":{"name":"(anonymous_8)","decl":{"start":{"line":82,"column":37},"end":{"line":82,"column":38}},"loc":{"start":{"line":82,"column":42},"end":{"line":82,"column":64}}},"9":{"name":"(anonymous_9)","decl":{"start":{"line":85,"column":33},"end":{"line":85,"column":34}},"loc":{"start":{"line":85,"column":38},"end":{"line":85,"column":63}}},"10":{"name":"(anonymous_10)","decl":{"start":{"line":86,"column":32},"end":{"line":86,"column":33}},"loc":{"start":{"line":86,"column":37},"end":{"line":86,"column":61}}},"11":{"name":"(anonymous_11)","decl":{"start":{"line":87,"column":33},"end":{"line":87,"column":34}},"loc":{"start":{"line":87,"column":38},"end":{"line":87,"column":63}}},"12":{"name":"broadcastToWallet","decl":{"start":{"line":101,"column":16},"end":{"line":101,"column":33}},"loc":{"start":{"line":101,"column":66},"end":{"line":107,"column":1}}},"13":{"name":"broadcastAll","decl":{"start":{"line":110,"column":16},"end":{"line":110,"column":28}},"loc":{"start":{"line":110,"column":38},"end":{"line":116,"column":1}}}},"branchMap":{"0":{"loc":{"start":{"line":23,"column":8},"end":{"line":32,"column":9}},"type":"if","locations":[{"start":{"line":23,"column":8},"end":{"line":32,"column":9}}]},"1":{"loc":{"start":{"line":25,"column":24},"end":{"line":25,"column":62}},"type":"binary-expr","locations":[{"start":{"line":25,"column":24},"end":{"line":25,"column":48}},{"start":{"line":25,"column":52},"end":{"line":25,"column":62}}]},"2":{"loc":{"start":{"line":29,"column":10},"end":{"line":31,"column":11}},"type":"if","locations":[{"start":{"line":29,"column":10},"end":{"line":31,"column":11}}]},"3":{"loc":{"start":{"line":34,"column":8},"end":{"line":36,"column":9}},"type":"if","locations":[{"start":{"line":34,"column":8},"end":{"line":36,"column":9}}]},"4":{"loc":{"start":{"line":61,"column":2},"end":{"line":69,"column":3}},"type":"if","locations":[{"start":{"line":61,"column":2},"end":{"line":69,"column":3}}]},"5":{"loc":{"start":{"line":64,"column":8},"end":{"line":66,"column":9}},"type":"if","locations":[{"start":{"line":64,"column":8},"end":{"line":66,"column":9}}]},"6":{"loc":{"start":{"line":64,"column":12},"end":{"line":64,"column":105}},"type":"binary-expr","locations":[{"start":{"line":64,"column":12},"end":{"line":64,"column":51}},{"start":{"line":64,"column":55},"end":{"line":64,"column":75}},{"start":{"line":64,"column":79},"end":{"line":64,"column":105}}]},"7":{"loc":{"start":{"line":73,"column":2},"end":{"line":73,"column":79}},"type":"if","locations":[{"start":{"line":73,"column":2},"end":{"line":73,"column":79}}]},"8":{"loc":{"start":{"line":73,"column":6},"end":{"line":73,"column":70}},"type":"binary-expr","locations":[{"start":{"line":73,"column":6},"end":{"line":73,"column":27}},{"start":{"line":73,"column":31},"end":{"line":73,"column":70}}]},"9":{"loc":{"start":{"line":103,"column":4},"end":{"line":105,"column":5}},"type":"if","locations":[{"start":{"line":103,"column":4},"end":{"line":105,"column":5}}]},"10":{"loc":{"start":{"line":103,"column":8},"end":{"line":103,"column":103}},"type":"binary-expr","locations":[{"start":{"line":103,"column":8},"end":{"line":103,"column":60}},{"start":{"line":103,"column":64},"end":{"line":103,"column":103}}]},"11":{"loc":{"start":{"line":112,"column":4},"end":{"line":114,"column":5}},"type":"if","locations":[{"start":{"line":112,"column":4},"end":{"line":114,"column":5}}]}},"s":{"0":3,"1":3,"2":3,"3":3,"4":3,"5":3,"6":3,"7":0,"8":0,"9":0,"10":0,"11":0,"12":0,"13":0,"14":0,"15":0,"16":0,"17":0,"18":0,"19":0,"20":0,"21":0,"22":0,"23":0,"24":0,"25":0,"26":0,"27":0,"28":0,"29":3,"30":0,"31":0,"32":0,"33":0,"34":0,"35":0,"36":0,"37":0,"38":0,"39":0,"40":0,"41":0,"42":0,"43":0,"44":0,"45":0,"46":0,"47":0,"48":0,"49":0,"50":0,"51":0,"52":0,"53":0,"54":0},"f":{"0":3,"1":0,"2":0,"3":0,"4":0,"5":0,"6":0,"7":0,"8":0,"9":0,"10":0,"11":0,"12":0,"13":0},"b":{"0":[0],"1":[0,0],"2":[0],"3":[0],"4":[0],"5":[0],"6":[0,0,0],"7":[0],"8":[0,0],"9":[0],"10":[0,0],"11":[0]}}
}
