TN:
SF:src\index.ts
FN:79,(anonymous_1)
FN:104,(anonymous_2)
FN:118,(anonymous_3)
FN:124,(anonymous_4)
FN:125,(anonymous_5)
FN:128,(anonymous_6)
FN:129,(anonymous_7)
FN:130,(anonymous_8)
FN:141,(anonymous_9)
FN:149,(anonymous_10)
FNF:10
FNH:1
FNDA:1,(anonymous_1)
FNDA:0,(anonymous_2)
FNDA:0,(anonymous_3)
FNDA:0,(anonymous_4)
FNDA:0,(anonymous_5)
FNDA:0,(anonymous_6)
FNDA:0,(anonymous_7)
FNDA:0,(anonymous_8)
FNDA:0,(anonymous_9)
FNDA:0,(anonymous_10)
DA:1,3
DA:2,3
DA:3,3
DA:4,3
DA:5,3
DA:6,3
DA:7,3
DA:8,3
DA:10,3
DA:11,3
DA:12,3
DA:13,3
DA:14,3
DA:15,3
DA:16,3
DA:17,3
DA:18,3
DA:19,3
DA:20,3
DA:22,3
DA:23,3
DA:24,3
DA:27,3
DA:28,3
DA:31,3
DA:41,3
DA:48,3
DA:49,3
DA:50,3
DA:53,3
DA:61,3
DA:67,3
DA:73,3
DA:74,3
DA:75,3
DA:76,3
DA:79,3
DA:80,1
DA:81,1
DA:82,1
DA:89,0
DA:94,3
DA:95,3
DA:96,3
DA:97,3
DA:98,3
DA:99,3
DA:100,3
DA:101,3
DA:104,3
DA:105,0
DA:106,0
DA:107,0
DA:108,0
DA:110,0
DA:111,0
DA:112,0
DA:113,0
DA:114,0
DA:118,0
DA:119,0
DA:120,0
DA:123,0
DA:124,0
DA:125,0
DA:126,0
DA:127,0
DA:128,0
DA:129,0
DA:130,0
DA:133,0
DA:135,0
DA:139,0
DA:140,0
DA:141,0
DA:145,3
DA:148,3
DA:149,0
DA:150,0
DA:151,0
DA:152,0
DA:156,3
LF:82
LH:52
BRDA:24,0,0,3
BRDA:24,0,1,0
BRDA:42,1,0,3
BRDA:42,1,1,0
BRDA:108,2,0,0
BRDA:108,2,1,0
BRDA:111,3,0,0
BRDA:148,4,0,0
BRF:8
BRH:2
end_of_record
TN:
SF:src\lib\prisma.ts
FNF:0
FNH:0
DA:1,3
DA:3,3
DA:5,3
DA:11,3
LF:4
LH:4
BRDA:6,0,0,3
BRDA:6,0,1,3
BRDA:8,1,0,0
BRDA:8,1,1,3
BRDA:11,2,0,3
BRF:5
BRH:4
end_of_record
TN:
SF:src\middleware\auth.ts
FN:17,(anonymous_1)
FN:33,(anonymous_2)
FN:53,(anonymous_3)
FN:67,(anonymous_4)
FN:84,(anonymous_5)
FNF:5
FNH:3
FNDA:7,(anonymous_1)
FNDA:41,(anonymous_2)
FNDA:0,(anonymous_3)
FNDA:0,(anonymous_4)
FNDA:5,(anonymous_5)
DA:2,3
DA:3,3
DA:4,3
DA:6,3
DA:17,3
DA:23,7
DA:24,0
DA:25,0
DA:26,0
DA:28,0
DA:33,3
DA:34,41
DA:35,41
DA:36,7
DA:39,34
DA:40,34
DA:41,34
DA:46,34
DA:48,0
DA:53,3
DA:54,0
DA:55,0
DA:56,0
DA:57,0
DA:58,0
DA:63,0
DA:67,3
DA:68,0
DA:69,0
DA:72,0
DA:76,0
DA:77,0
DA:80,0
DA:84,3
DA:85,5
LF:35
LH:18
BRDA:6,0,0,3
BRDA:6,0,1,0
BRDA:23,1,0,7
BRDA:35,2,0,7
BRDA:55,3,0,0
BRDA:68,4,0,0
BRDA:76,5,0,0
BRDA:76,6,0,0
BRDA:76,6,1,0
BRF:9
BRH:3
end_of_record
TN:
SF:src\middleware\dpop.ts
FN:22,(anonymous_0)
FN:123,(anonymous_1)
FNF:2
FNH:0
FNDA:0,(anonymous_0)
FNDA:0,(anonymous_1)
DA:22,0
DA:23,0
DA:24,0
DA:27,0
DA:28,0
DA:31,0
DA:32,0
DA:35,0
DA:37,0
DA:39,0
DA:40,0
DA:41,0
DA:44,0
DA:47,0
DA:48,0
DA:56,0
DA:57,0
DA:58,0
DA:66,0
DA:67,0
DA:68,0
DA:74,0
DA:75,0
DA:76,0
DA:80,0
DA:84,0
DA:89,0
DA:90,0
DA:93,0
DA:94,0
DA:98,0
DA:99,0
DA:100,0
DA:103,0
DA:105,0
DA:106,0
DA:112,0
DA:113,0
DA:115,0
DA:117,0
DA:118,0
DA:123,0
DA:124,0
DA:126,0
DA:127,0
DA:133,0
LF:46
LH:0
BRDA:27,0,0,0
BRDA:31,1,0,0
BRDA:40,2,0,0
BRDA:47,3,0,0
BRDA:57,4,0,0
BRDA:67,5,0,0
BRDA:75,6,0,0
BRDA:89,7,0,0
BRDA:93,8,0,0
BRDA:99,9,0,0
BRDA:105,10,0,0
BRDA:126,11,0,0
BRF:12
BRH:0
end_of_record
TN:
SF:src\middleware\errorHandler.ts
FN:8,(anonymous_0)
FN:37,(anonymous_1)
FN:38,(anonymous_2)
FNF:3
FNH:2
FNDA:0,(anonymous_0)
FNDA:159,(anonymous_1)
FNDA:50,(anonymous_2)
DA:8,3
DA:14,0
DA:16,0
DA:17,0
DA:22,0
DA:23,0
DA:27,0
DA:28,0
DA:31,0
DA:37,3
DA:38,159
DA:39,50
LF:12
LH:4
BRDA:16,0,0,0
BRDA:16,0,1,0
BRDA:17,1,0,0
BRDA:17,1,1,0
BRDA:22,2,0,0
BRDA:27,3,0,0
BRDA:33,4,0,0
BRDA:33,4,1,0
BRF:8
BRH:0
end_of_record
TN:
SF:src\middleware\killSwitch.ts
FN:10,(anonymous_0)
FNF:1
FNH:1
FNDA:57,(anonymous_0)
DA:2,3
DA:10,3
DA:11,57
DA:15,57
DA:21,0
DA:24,57
DA:25,57
DA:28,57
DA:29,0
DA:34,57
DA:36,0
DA:37,0
LF:12
LH:8
BRDA:15,0,0,0
BRDA:16,1,0,57
BRDA:16,1,1,57
BRDA:16,1,2,57
BRDA:16,1,3,57
BRDA:28,2,0,0
BRF:6
BRH:4
end_of_record
TN:
SF:src\middleware\verifyDPoP.ts
FN:6,computeJwkThumbprint
FN:18,(anonymous_10)
FNF:2
FNH:0
FNDA:0,computeJwkThumbprint
FNDA:0,(anonymous_10)
DA:2,3
DA:3,3
DA:4,3
DA:8,0
DA:9,0
DA:18,3
DA:20,0
DA:21,0
DA:24,0
DA:25,0
DA:26,0
DA:29,0
DA:30,0
DA:31,0
DA:34,0
DA:36,0
DA:40,0
DA:41,0
DA:45,0
DA:46,0
DA:47,0
DA:48,0
DA:52,0
DA:53,0
DA:54,0
DA:58,0
DA:59,0
DA:64,0
DA:65,0
DA:66,0
DA:67,0
DA:68,0
DA:70,0
DA:71,0
DA:74,0
DA:75,0
DA:76,0
DA:79,0
DA:80,0
DA:83,0
DA:85,0
DA:86,0
LF:42
LH:4
BRDA:20,0,0,0
BRDA:20,1,0,0
BRDA:20,1,1,0
BRDA:25,2,0,0
BRDA:25,3,0,0
BRDA:25,3,1,0
BRDA:30,4,0,0
BRDA:40,5,0,0
BRDA:47,6,0,0
BRDA:53,7,0,0
BRDA:58,8,0,0
BRDA:58,8,1,0
BRDA:60,9,0,0
BRDA:60,9,1,0
BRDA:66,10,0,0
BRDA:66,10,1,0
BRDA:67,11,0,0
BRDA:67,11,1,0
BRDA:70,12,0,0
BRDA:75,13,0,0
BRDA:75,14,0,0
BRDA:75,14,1,0
BRDA:75,14,2,0
BRDA:79,15,0,0
BRF:24
BRH:0
end_of_record
TN:
SF:src\routes\admin.ts
FN:11,(anonymous_1)
FN:27,(anonymous_2)
FN:41,(anonymous_3)
FN:97,(anonymous_4)
FN:112,(anonymous_5)
FN:154,(anonymous_6)
FN:218,(anonymous_7)
FN:229,(anonymous_8)
FN:263,(anonymous_9)
FN:295,(anonymous_10)
FN:309,(anonymous_11)
FN:323,(anonymous_12)
FNF:12
FNH:0
FNDA:0,(anonymous_1)
FNDA:0,(anonymous_2)
FNDA:0,(anonymous_3)
FNDA:0,(anonymous_4)
FNDA:0,(anonymous_5)
FNDA:0,(anonymous_6)
FNDA:0,(anonymous_7)
FNDA:0,(anonymous_8)
FNDA:0,(anonymous_9)
FNDA:0,(anonymous_10)
FNDA:0,(anonymous_11)
FNDA:0,(anonymous_12)
DA:1,3
DA:3,3
DA:4,3
DA:5,3
DA:6,3
DA:8,3
DA:11,3
DA:12,0
DA:23,0
DA:27,3
DA:28,0
DA:30,0
DA:31,0
DA:33,0
DA:37,0
DA:41,3
DA:42,0
DA:43,0
DA:45,0
DA:51,0
DA:52,0
DA:55,0
DA:56,0
DA:59,0
DA:60,0
DA:66,0
DA:82,0
DA:97,3
DA:98,0
DA:99,0
DA:100,0
DA:102,0
DA:103,0
DA:104,0
DA:105,0
DA:106,0
DA:107,0
DA:111,0
DA:112,0
DA:113,0
DA:117,0
DA:118,0
DA:119,0
DA:122,0
DA:129,0
DA:130,0
DA:132,0
DA:141,0
DA:154,3
DA:155,0
DA:157,0
DA:158,0
DA:159,0
DA:160,0
DA:166,0
DA:167,0
DA:171,0
DA:172,0
DA:174,0
DA:176,0
DA:177,0
DA:181,0
DA:183,0
DA:186,0
DA:191,0
DA:194,0
DA:198,0
DA:199,0
DA:202,0
DA:205,0
DA:210,0
DA:218,3
DA:219,0
DA:225,0
DA:229,3
DA:230,0
DA:231,0
DA:234,0
DA:244,0
DA:249,0
DA:251,0
DA:263,3
DA:264,0
DA:267,0
DA:268,0
DA:269,0
DA:271,0
DA:272,0
DA:278,0
DA:283,0
DA:288,0
DA:295,3
DA:296,0
DA:300,0
DA:309,3
DA:310,0
DA:323,3
DA:332,0
DA:342,0
LF:99
LH:17
BRDA:31,0,0,0
BRDA:51,1,0,0
BRDA:62,2,0,0
BRDA:62,2,1,0
BRDA:70,3,0,0
BRDA:70,3,1,0
BRDA:74,4,0,0
BRDA:74,4,1,0
BRDA:103,5,0,0
BRDA:104,6,0,0
BRDA:105,7,0,0
BRDA:112,8,0,0
BRDA:118,9,0,0
BRDA:118,10,0,0
BRDA:118,10,1,0
BRDA:118,10,2,0
BRDA:124,11,0,0
BRDA:124,11,1,0
BRDA:124,11,2,0
BRDA:130,12,0,0
BRDA:130,12,1,0
BRDA:158,13,0,0
BRDA:159,14,0,0
BRDA:166,15,0,0
BRDA:172,16,0,0
BRDA:172,16,1,0
BRDA:174,17,0,0
BRDA:174,17,1,0
BRDA:174,17,2,0
BRDA:174,17,3,0
BRDA:176,18,0,0
BRDA:268,19,0,0
BRDA:268,20,0,0
BRDA:268,20,1,0
BRDA:271,21,0,0
BRDA:301,22,0,0
BRDA:301,22,1,0
BRDA:312,23,0,0
BRDA:312,23,1,0
BRDA:315,24,0,0
BRDA:315,24,1,0
BRDA:316,25,0,0
BRDA:316,25,1,0
BRDA:317,26,0,0
BRDA:317,26,1,0
BRDA:346,27,0,0
BRDA:346,27,1,0
BRDA:350,28,0,0
BRDA:350,28,1,0
BRF:49
BRH:0
end_of_record
TN:
SF:src\routes\auth.ts
FN:12,(anonymous_0)
FN:37,(anonymous_1)
FN:108,(anonymous_2)
FN:131,(anonymous_3)
FN:154,(anonymous_4)
FN:171,(anonymous_5)
FNF:6
FNH:0
FNDA:0,(anonymous_0)
FNDA:0,(anonymous_1)
FNDA:0,(anonymous_2)
FNDA:0,(anonymous_3)
FNDA:0,(anonymous_4)
FNDA:0,(anonymous_5)
DA:1,3
DA:3,3
DA:4,3
DA:5,3
DA:6,3
DA:7,3
DA:9,3
DA:12,3
DA:13,0
DA:15,0
DA:16,0
DA:19,0
DA:24,0
DA:27,0
DA:33,0
DA:37,3
DA:38,0
DA:40,0
DA:41,0
DA:44,0
DA:47,0
DA:48,0
DA:49,0
DA:52,0
DA:55,0
DA:61,0
DA:62,0
DA:66,0
DA:67,0
DA:68,0
DA:74,0
DA:79,0
DA:80,0
DA:85,0
DA:91,0
DA:92,0
DA:94,0
DA:96,0
DA:108,3
DA:109,0
DA:111,0
DA:112,0
DA:115,0
DA:121,0
DA:131,3
DA:132,0
DA:133,0
DA:135,0
DA:136,0
DA:137,0
DA:140,0
DA:141,0
DA:142,0
DA:145,0
DA:150,0
DA:154,3
DA:155,0
DA:157,0
DA:162,0
DA:167,0
DA:171,0
LF:61
LH:12
BRDA:15,0,0,0
BRDA:15,1,0,0
BRDA:15,1,1,0
BRDA:40,2,0,0
BRDA:40,3,0,0
BRDA:40,3,1,0
BRDA:48,4,0,0
BRDA:48,5,0,0
BRDA:48,5,1,0
BRDA:61,6,0,0
BRDA:66,7,0,0
BRDA:66,8,0,0
BRDA:66,8,1,0
BRDA:67,9,0,0
BRDA:79,10,0,0
BRDA:92,11,0,0
BRDA:92,11,1,0
BRDA:136,12,0,0
BRDA:141,13,0,0
BRDA:169,14,0,0
BRDA:169,14,1,0
BRDA:171,15,0,0
BRDA:171,15,1,0
BRF:23
BRH:0
end_of_record
TN:
SF:src\routes\dms.ts
FN:16,simulateAttestation
FN:38,computeJwkThumbprint
FN:44,(anonymous_2)
FN:160,(anonymous_3)
FN:190,(anonymous_4)
FN:286,(anonymous_5)
FN:306,(anonymous_6)
FN:321,(anonymous_7)
FN:333,(anonymous_8)
FNF:9
FNH:0
FNDA:0,simulateAttestation
FNDA:0,computeJwkThumbprint
FNDA:0,(anonymous_2)
FNDA:0,(anonymous_3)
FNDA:0,(anonymous_4)
FNDA:0,(anonymous_5)
FNDA:0,(anonymous_6)
FNDA:0,(anonymous_7)
FNDA:0,(anonymous_8)
DA:1,3
DA:3,3
DA:4,3
DA:5,3
DA:6,3
DA:7,3
DA:8,3
DA:10,3
DA:13,3
DA:23,0
DA:30,0
DA:31,0
DA:39,0
DA:40,0
DA:44,3
DA:53,0
DA:55,0
DA:57,0
DA:58,0
DA:62,0
DA:65,0
DA:67,0
DA:68,0
DA:73,0
DA:77,0
DA:78,0
DA:85,0
DA:92,0
DA:113,0
DA:114,0
DA:117,0
DA:118,0
DA:120,0
DA:131,0
DA:132,0
DA:134,0
DA:144,0
DA:160,3
DA:161,0
DA:163,0
DA:164,0
DA:165,0
DA:166,0
DA:169,0
DA:171,0
DA:181,0
DA:190,3
DA:199,0
DA:201,0
DA:202,0
DA:205,0
DA:206,0
DA:208,0
DA:209,0
DA:210,0
DA:211,0
DA:214,0
DA:216,0
DA:220,0
DA:235,0
DA:245,0
DA:246,0
DA:249,0
DA:255,0
DA:258,0
DA:259,0
DA:262,0
DA:270,0
DA:286,3
DA:287,0
DA:289,0
DA:303,0
DA:306,0
DA:321,3
DA:322,0
DA:324,0
DA:329,0
DA:333,3
DA:334,0
DA:335,0
DA:337,0
DA:338,0
DA:339,0
DA:341,0
DA:346,0
LF:85
LH:15
BRDA:46,0,0,0
BRDA:52,1,0,0
BRDA:57,2,0,0
BRDA:57,3,0,0
BRDA:57,3,1,0
BRDA:67,4,0,0
BRDA:77,5,0,0
BRDA:113,6,0,0
BRDA:117,7,0,0
BRDA:131,8,0,0
BRDA:131,8,1,0
BRDA:138,9,0,0
BRDA:138,9,1,0
BRDA:164,10,0,0
BRDA:165,11,0,0
BRDA:193,12,0,0
BRDA:194,13,0,0
BRDA:195,14,0,0
BRDA:196,15,0,0
BRDA:202,16,0,0
BRDA:208,17,0,0
BRDA:208,17,1,0
BRDA:209,18,0,0
BRDA:209,18,1,0
BRDA:210,19,0,0
BRDA:210,19,1,0
BRDA:211,20,0,0
BRDA:214,21,0,0
BRDA:245,22,0,0
BRDA:262,23,0,0
BRDA:262,23,1,0
BRDA:277,24,0,0
BRDA:277,24,1,0
BRDA:279,25,0,0
BRDA:279,25,1,0
BRDA:315,26,0,0
BRDA:315,26,1,0
BRDA:338,27,0,0
BRDA:339,28,0,0
BRF:39
BRH:0
end_of_record
TN:
SF:src\routes\part1.ts
FN:50,(anonymous_0)
FN:92,(anonymous_1)
FN:109,(anonymous_2)
FN:140,(anonymous_3)
FN:166,(anonymous_4)
FN:202,(anonymous_5)
FN:233,(anonymous_6)
FN:345,(anonymous_7)
FN:358,(anonymous_8)
FN:390,(anonymous_9)
FN:440,(anonymous_10)
FNF:11
FNH:5
FNDA:4,(anonymous_0)
FNDA:0,(anonymous_1)
FNDA:2,(anonymous_2)
FNDA:0,(anonymous_3)
FNDA:2,(anonymous_4)
FNDA:1,(anonymous_5)
FNDA:0,(anonymous_6)
FNDA:2,(anonymous_7)
FNDA:0,(anonymous_8)
FNDA:0,(anonymous_9)
FNDA:0,(anonymous_10)
DA:1,3
DA:2,3
DA:3,3
DA:4,3
DA:5,3
DA:7,3
DA:10,3
DA:27,3
DA:33,3
DA:42,3
DA:50,3
DA:55,4
DA:57,4
DA:58,4
DA:59,4
DA:60,4
DA:61,4
DA:63,4
DA:64,4
DA:66,4
DA:80,4
DA:92,3
DA:93,0
DA:101,0
DA:102,0
DA:105,0
DA:109,3
DA:110,2
DA:112,2
DA:113,0
DA:116,2
DA:117,1
DA:120,1
DA:133,1
DA:140,3
DA:141,0
DA:142,0
DA:144,0
DA:145,0
DA:148,0
DA:149,0
DA:150,0
DA:151,0
DA:154,0
DA:159,0
DA:166,3
DA:167,2
DA:169,2
DA:170,2
DA:172,2
DA:181,2
DA:182,1
DA:185,1
DA:186,1
DA:195,1
DA:202,3
DA:203,1
DA:205,1
DA:206,0
DA:209,1
DA:218,1
DA:223,1
DA:233,3
DA:234,0
DA:235,0
DA:238,0
DA:239,0
DA:240,0
DA:244,0
DA:245,0
DA:246,0
DA:247,0
DA:250,0
DA:251,0
DA:252,0
DA:256,0
DA:265,0
DA:266,0
DA:270,0
DA:275,0
DA:276,0
DA:277,0
DA:286,0
DA:290,0
DA:291,0
DA:292,0
DA:296,0
DA:317,0
DA:318,0
DA:319,0
DA:320,0
DA:321,0
DA:323,0
DA:337,0
DA:345,3
DA:346,2
DA:347,2
DA:349,2
DA:350,2
DA:352,2
DA:357,2
DA:358,2
DA:359,0
DA:361,0
DA:362,0
DA:363,0
DA:365,0
DA:366,0
DA:367,0
DA:368,0
DA:372,0
DA:386,2
DA:390,3
DA:391,0
DA:392,0
DA:394,0
DA:395,0
DA:398,0
DA:402,0
DA:404,0
DA:405,0
DA:406,0
DA:412,0
DA:413,0
DA:414,0
DA:416,0
DA:417,0
DA:418,0
DA:419,0
DA:422,0
DA:423,0
DA:426,0
DA:431,0
DA:440,3
DA:441,0
DA:443,0
DA:449,0
LF:137
LH:58
BRDA:53,0,0,3
BRDA:53,1,0,3
BRDA:54,2,0,4
BRDA:54,3,0,4
BRDA:58,4,0,1
BRDA:59,5,0,1
BRDA:60,6,0,0
BRDA:61,7,0,0
BRDA:101,8,0,0
BRDA:112,9,0,0
BRDA:116,10,0,1
BRDA:144,11,0,0
BRDA:149,12,0,0
BRDA:150,13,0,0
BRDA:170,14,0,0
BRDA:181,15,0,1
BRDA:205,16,0,0
BRDA:205,17,0,1
BRDA:205,17,1,1
BRDA:218,18,0,1
BRDA:218,18,1,0
BRDA:225,19,0,1
BRDA:225,19,1,0
BRDA:226,20,0,1
BRDA:226,20,1,0
BRDA:227,21,0,1
BRDA:227,21,1,1
BRDA:228,22,0,1
BRDA:228,22,1,0
BRDA:228,23,0,1
BRDA:228,23,1,1
BRDA:239,24,0,0
BRDA:245,25,0,0
BRDA:246,26,0,0
BRDA:246,27,0,0
BRDA:246,27,1,0
BRDA:251,28,0,0
BRDA:251,29,0,0
BRDA:251,29,1,0
BRDA:265,30,0,0
BRDA:275,31,0,0
BRDA:275,31,1,0
BRDA:276,32,0,0
BRDA:290,33,0,0
BRDA:290,33,1,0
BRDA:291,34,0,0
BRDA:350,35,0,0
BRDA:361,36,0,0
BRDA:362,37,0,0
BRDA:362,37,1,0
BRDA:382,38,0,0
BRDA:382,38,1,0
BRDA:382,39,0,0
BRDA:382,39,1,0
BRDA:394,40,0,0
BRDA:402,41,0,0
BRDA:405,42,0,0
BRDA:413,43,0,0
BRDA:413,43,1,0
BRDA:422,44,0,0
BRF:60
BRH:18
end_of_record
TN:
SF:src\routes\part2.ts
FN:10,(anonymous_0)
FN:58,(anonymous_1)
FN:73,(anonymous_2)
FN:73,(anonymous_3)
FN:74,(anonymous_4)
FN:74,(anonymous_5)
FN:80,(anonymous_6)
FN:96,(anonymous_7)
FN:127,(anonymous_8)
FN:140,(anonymous_9)
FN:144,(anonymous_10)
FN:165,(anonymous_11)
FN:181,(anonymous_12)
FN:198,(anonymous_13)
FN:229,(anonymous_14)
FNF:15
FNH:14
FNDA:6,(anonymous_0)
FNDA:18,(anonymous_1)
FNDA:6,(anonymous_2)
FNDA:12,(anonymous_3)
FNDA:6,(anonymous_4)
FNDA:24,(anonymous_5)
FNDA:3,(anonymous_6)
FNDA:0,(anonymous_7)
FNDA:1,(anonymous_8)
FNDA:1,(anonymous_9)
FNDA:2,(anonymous_10)
FNDA:2,(anonymous_11)
FNDA:2,(anonymous_12)
FNDA:2,(anonymous_13)
FNDA:4,(anonymous_14)
DA:1,3
DA:3,3
DA:4,3
DA:5,3
DA:7,3
DA:10,3
DA:16,6
DA:18,6
DA:19,6
DA:20,6
DA:21,6
DA:22,6
DA:23,6
DA:24,1
DA:31,6
DA:32,6
DA:35,6
DA:43,6
DA:58,18
DA:64,6
DA:73,12
DA:74,24
DA:80,3
DA:81,3
DA:83,3
DA:93,3
DA:96,2
DA:97,0
DA:98,0
DA:99,0
DA:100,0
DA:101,0
DA:103,0
DA:109,0
DA:112,2
DA:127,3
DA:128,1
DA:130,1
DA:140,1
DA:144,3
DA:145,2
DA:146,2
DA:148,2
DA:149,2
DA:151,2
DA:152,2
DA:155,1
DA:157,1
DA:158,1
DA:160,0
DA:165,3
DA:166,2
DA:167,2
DA:169,2
DA:173,2
DA:174,1
DA:177,1
DA:181,3
DA:182,2
DA:183,2
DA:185,1
DA:187,1
DA:194,1
DA:198,3
DA:199,2
DA:200,2
DA:202,2
DA:203,1
DA:206,1
DA:207,0
DA:211,1
DA:212,0
DA:215,1
DA:216,1
DA:219,1
DA:221,1
DA:225,1
DA:229,3
DA:230,4
DA:231,4
DA:233,4
DA:234,4
DA:236,4
DA:237,4
DA:239,3
DA:240,3
DA:242,1
DA:244,1
DA:245,1
DA:246,1
DA:248,0
LF:91
LH:80
BRDA:12,0,0,6
BRDA:13,1,0,6
BRDA:13,2,0,6
BRDA:14,3,0,5
BRDA:14,4,0,5
BRDA:19,5,0,6
BRDA:19,6,0,0
BRDA:19,6,1,6
BRDA:20,7,0,1
BRDA:21,8,0,1
BRDA:22,9,0,0
BRDA:23,10,0,1
BRDA:35,11,0,6
BRDA:35,11,1,0
BRDA:37,12,0,0
BRDA:37,12,1,0
BRDA:39,13,0,0
BRDA:39,13,1,0
BRDA:61,14,0,18
BRDA:61,14,1,0
BRDA:93,15,0,1
BRDA:99,16,0,0
BRDA:99,16,1,0
BRDA:99,17,0,0
BRDA:99,17,1,0
BRDA:105,18,0,0
BRDA:105,18,1,0
BRDA:106,19,0,0
BRDA:106,19,1,0
BRDA:115,20,0,2
BRDA:115,20,1,2
BRDA:116,21,0,2
BRDA:116,21,1,2
BRDA:118,22,0,2
BRDA:118,22,1,0
BRDA:119,23,0,2
BRDA:119,23,1,2
BRDA:120,24,0,2
BRDA:120,24,1,2
BRDA:149,25,0,0
BRDA:157,26,0,1
BRDA:173,27,0,1
BRDA:182,28,0,2
BRDA:182,29,0,2
BRDA:183,30,0,1
BRDA:202,31,0,1
BRDA:202,32,0,2
BRDA:202,32,1,1
BRDA:206,33,0,0
BRDA:211,34,0,0
BRDA:216,35,0,0
BRDA:234,36,0,0
BRDA:242,37,0,1
BRF:53
BRH:31
end_of_record
TN:
SF:src\routes\part3.ts
FN:12,(anonymous_0)
FN:52,(anonymous_1)
FN:113,(anonymous_2)
FN:143,(anonymous_3)
FN:191,(anonymous_4)
FN:202,(anonymous_5)
FN:251,(anonymous_6)
FNF:7
FNH:5
FNDA:4,(anonymous_0)
FNDA:6,(anonymous_1)
FNDA:4,(anonymous_2)
FNDA:2,(anonymous_3)
FNDA:0,(anonymous_4)
FNDA:0,(anonymous_5)
FNDA:3,(anonymous_6)
DA:1,3
DA:3,3
DA:4,3
DA:5,3
DA:7,3
DA:9,3
DA:12,3
DA:13,4
DA:15,4
DA:25,4
DA:26,2
DA:37,2
DA:38,2
DA:40,2
DA:52,3
DA:53,6
DA:54,6
DA:56,6
DA:57,1
DA:60,5
DA:61,2
DA:65,3
DA:66,0
DA:70,3
DA:71,3
DA:72,3
DA:74,3
DA:88,3
DA:100,3
DA:113,3
DA:114,4
DA:115,4
DA:117,4
DA:118,1
DA:121,3
DA:122,0
DA:126,3
DA:127,1
DA:133,2
DA:136,2
DA:137,0
DA:140,2
DA:142,2
DA:143,2
DA:144,2
DA:145,2
DA:147,2
DA:148,2
DA:149,1
DA:152,1
DA:160,1
DA:172,1
DA:175,1
DA:183,1
DA:184,1
DA:186,0
DA:191,3
DA:192,0
DA:193,0
DA:195,0
DA:196,0
DA:199,0
DA:201,0
DA:202,0
DA:203,0
DA:204,0
DA:206,0
DA:207,0
DA:208,0
DA:212,0
DA:213,0
DA:214,0
DA:217,0
DA:225,0
DA:237,0
DA:240,0
DA:246,0
DA:251,3
DA:252,3
DA:253,3
DA:255,3
DA:256,3
DA:258,3
DA:260,3
DA:270,3
LF:85
LH:61
BRDA:25,0,0,2
BRDA:56,1,0,1
BRDA:60,2,0,2
BRDA:60,3,0,5
BRDA:60,3,1,4
BRDA:65,4,0,0
BRDA:79,5,0,1
BRDA:79,5,1,2
BRDA:83,6,0,1
BRDA:83,6,1,2
BRDA:96,7,0,3
BRDA:96,7,1,0
BRDA:117,8,0,1
BRDA:121,9,0,0
BRDA:126,10,0,1
BRDA:126,11,0,3
BRDA:126,11,1,3
BRDA:133,12,0,2
BRDA:133,12,1,0
BRDA:136,13,0,0
BRDA:145,14,0,0
BRDA:147,15,0,2
BRDA:147,15,1,0
BRDA:148,16,0,1
BRDA:156,17,0,0
BRDA:156,17,1,1
BRDA:183,18,0,1
BRDA:186,19,0,0
BRDA:186,19,1,0
BRDA:195,20,0,0
BRDA:204,21,0,0
BRDA:206,22,0,0
BRDA:206,22,1,0
BRDA:207,23,0,0
BRDA:212,24,0,0
BRDA:214,25,0,0
BRDA:221,26,0,0
BRDA:221,26,1,0
BRDA:246,27,0,0
BRDA:246,27,1,0
BRDA:253,28,0,2
BRDA:253,29,0,2
BRDA:256,30,0,1
BRF:43
BRH:22
end_of_record
TN:
SF:src\routes\referral.ts
FN:3,(anonymous_0)
FN:22,generateReferralLinks
FN:36,(anonymous_2)
FN:44,(anonymous_3)
FN:80,(anonymous_4)
FN:118,(anonymous_5)
FN:127,(anonymous_6)
FN:128,(anonymous_7)
FN:129,(anonymous_8)
FN:132,(anonymous_9)
FN:134,(anonymous_10)
FN:135,(anonymous_11)
FN:138,(anonymous_12)
FN:139,(anonymous_13)
FN:140,(anonymous_14)
FN:154,(anonymous_15)
FN:169,(anonymous_16)
FN:200,(anonymous_17)
FN:221,(anonymous_18)
FN:244,(anonymous_19)
FN:307,(anonymous_20)
FN:316,(anonymous_21)
FNF:22
FNH:0
FNDA:0,(anonymous_0)
FNDA:0,generateReferralLinks
FNDA:0,(anonymous_2)
FNDA:0,(anonymous_3)
FNDA:0,(anonymous_4)
FNDA:0,(anonymous_5)
FNDA:0,(anonymous_6)
FNDA:0,(anonymous_7)
FNDA:0,(anonymous_8)
FNDA:0,(anonymous_9)
FNDA:0,(anonymous_10)
FNDA:0,(anonymous_11)
FNDA:0,(anonymous_12)
FNDA:0,(anonymous_13)
FNDA:0,(anonymous_14)
FNDA:0,(anonymous_15)
FNDA:0,(anonymous_16)
FNDA:0,(anonymous_17)
FNDA:0,(anonymous_18)
FNDA:0,(anonymous_19)
FNDA:0,(anonymous_20)
FNDA:0,(anonymous_21)
DA:1,3
DA:3,3
DA:4,0
DA:5,0
DA:6,0
DA:7,0
DA:9,0
DA:11,3
DA:12,3
DA:13,3
DA:15,3
DA:17,3
DA:18,3
DA:19,3
DA:20,3
DA:23,0
DA:24,0
DA:26,0
DA:32,0
DA:36,3
DA:37,0
DA:39,0
DA:44,0
DA:53,0
DA:54,0
DA:55,0
DA:56,0
DA:57,0
DA:65,0
DA:73,0
DA:76,0
DA:80,3
DA:81,0
DA:82,0
DA:84,0
DA:85,0
DA:89,0
DA:93,0
DA:94,0
DA:100,0
DA:101,0
DA:110,0
DA:118,3
DA:119,0
DA:121,0
DA:126,0
DA:127,0
DA:128,0
DA:129,0
DA:130,0
DA:131,0
DA:132,0
DA:134,0
DA:135,0
DA:136,0
DA:138,0
DA:139,0
DA:140,0
DA:142,0
DA:145,0
DA:154,0
DA:169,3
DA:170,0
DA:172,0
DA:173,0
DA:175,0
DA:176,0
DA:177,0
DA:181,0
DA:182,0
DA:192,0
DA:200,3
DA:201,0
DA:203,0
DA:208,0
DA:209,0
DA:210,0
DA:212,0
DA:221,3
DA:222,0
DA:223,0
DA:225,0
DA:226,0
DA:227,0
DA:228,0
DA:230,0
DA:231,0
DA:234,0
DA:239,0
DA:244,3
DA:245,0
DA:246,0
DA:248,0
DA:249,0
DA:254,0
DA:258,0
DA:259,0
DA:263,0
DA:274,0
DA:276,0
DA:277,0
DA:286,0
DA:297,0
DA:307,3
DA:308,0
DA:309,0
DA:311,0
DA:313,0
DA:314,0
DA:315,0
DA:316,0
DA:317,0
DA:319,0
DA:334,0
DA:335,0
DA:345,0
DA:348,0
LF:117
LH:18
BRDA:23,0,0,0
BRDA:23,0,1,0
BRDA:32,1,0,0
BRDA:32,1,1,0
BRDA:53,2,0,0
BRDA:84,3,0,0
BRDA:93,4,0,0
BRDA:159,5,0,0
BRDA:159,5,1,0
BRDA:173,6,0,0
BRDA:175,7,0,0
BRDA:181,8,0,0
BRDA:181,8,1,0
BRDA:208,9,0,0
BRDA:209,10,0,0
BRDA:210,11,0,0
BRDA:226,12,0,0
BRDA:227,13,0,0
BRDA:230,14,0,0
BRDA:248,15,0,0
BRDA:258,16,0,0
BRDA:308,17,0,0
BRDA:308,18,0,0
BRDA:311,19,0,0
BRDA:325,20,0,0
BRDA:325,20,1,0
BRDA:329,21,0,0
BRDA:329,21,1,0
BRDA:334,22,0,0
BRF:29
BRH:0
end_of_record
TN:
SF:src\websocket\referralSocket.ts
FN:12,setupWebSocket
FN:13,(anonymous_1)
FN:19,(anonymous_2)
FN:42,(anonymous_3)
FN:47,(anonymous_4)
FN:62,(anonymous_5)
FN:72,sendReferralUpdate
FN:81,(anonymous_7)
FN:82,(anonymous_8)
FN:85,(anonymous_9)
FN:86,(anonymous_10)
FN:87,(anonymous_11)
FN:101,broadcastToWallet
FN:110,broadcastAll
FNF:14
FNH:1
FNDA:3,setupWebSocket
FNDA:0,(anonymous_1)
FNDA:0,(anonymous_2)
FNDA:0,(anonymous_3)
FNDA:0,(anonymous_4)
FNDA:0,(anonymous_5)
FNDA:0,sendReferralUpdate
FNDA:0,(anonymous_7)
FNDA:0,(anonymous_8)
FNDA:0,(anonymous_9)
FNDA:0,(anonymous_10)
FNDA:0,(anonymous_11)
FNDA:0,broadcastToWallet
FNDA:0,broadcastAll
DA:1,3
DA:2,3
DA:10,3
DA:12,3
DA:13,3
DA:14,0
DA:15,0
DA:17,0
DA:19,0
DA:20,0
DA:21,0
DA:23,0
DA:24,0
DA:25,0
DA:26,0
DA:29,0
DA:30,0
DA:34,0
DA:35,0
DA:38,0
DA:42,0
DA:43,0
DA:44,0
DA:47,0
DA:48,0
DA:49,0
DA:53,0
DA:61,3
DA:62,0
DA:63,0
DA:64,0
DA:65,0
DA:73,0
DA:75,0
DA:76,0
DA:80,0
DA:81,0
DA:82,0
DA:83,0
DA:84,0
DA:85,0
DA:86,0
DA:87,0
DA:90,0
DA:101,3
DA:102,0
DA:103,0
DA:104,0
DA:110,3
DA:111,0
DA:112,0
DA:113,0
LF:52
LH:8
BRDA:23,0,0,0
BRDA:25,1,0,0
BRDA:25,1,1,0
BRDA:29,2,0,0
BRDA:34,3,0,0
BRDA:61,4,0,0
BRDA:64,5,0,0
BRDA:64,6,0,0
BRDA:64,6,1,0
BRDA:64,6,2,0
BRDA:73,7,0,0
BRDA:73,8,0,0
BRDA:73,8,1,0
BRDA:103,9,0,0
BRDA:103,10,0,0
BRDA:103,10,1,0
BRDA:112,11,0,0
BRF:17
BRH:0
end_of_record
